Using pre-set license
Built from '2020.2/release' branch; Version is '2020.2.2f1 (068178b99f32) revision 426360'; Using compiler version '192528614'; Build Type 'Release'
OS: 'Windows 10 Home; OS build 19042.985; Version 2009; 64bit' Language: 'ko' Physical Memory: 8147 MB
BatchMode: 1, IsHumanControllingUs: 0, StartBugReporterOnCrash: 0, Is64bit: 1, IsPro: 0

 COMMAND LINE ARGUMENTS:
D:\2020.2.2f1\Editor\Unity.exe
-adb2
-batchMode
-noUpm
-name
AssetImportWorker0
-projectPath
D:/Unity game/TeamProject-SealedMagic (1)/2DSealedmagic
-logFile
Logs/AssetImportWorker0.log
-srvPort
1261
Successfully changed project path to: D:/Unity game/TeamProject-SealedMagic (1)/2DSealedmagic
D:/Unity game/TeamProject-SealedMagic (1)/2DSealedmagic
Using Asset Import Pipeline V2.
Refreshing native plugins compatible for Editor in 39.65 ms, found 1 plugins.
Preloading 0 native plugins for Editor in 0.00 ms.
Initialize engine version: 2020.2.2f1 (068178b99f32)
[Subsystems] Discovering subsystems at path D:/2020.2.2f1/Editor/Data/Resources/UnitySubsystems
[Subsystems] Discovering subsystems at path D:/Unity game/TeamProject-SealedMagic (1)/2DSealedmagic/Assets
GfxDevice: creating device client; threaded=0
Direct3D:
    Version:  Direct3D 11.0 [level 11.1]
    Renderer: NVIDIA GeForce GTX 1050 Ti (ID=0x1c82)
    Vendor:   
    VRAM:     4018 MB
    Driver:   27.21.14.5671
Initialize mono
Mono path[0] = 'D:/2020.2.2f1/Editor/Data/Managed'
Mono path[1] = 'D:/2020.2.2f1/Editor/Data/MonoBleedingEdge/lib/mono/unityjit'
Mono config path = 'D:/2020.2.2f1/Editor/Data/MonoBleedingEdge/etc'
Using monoOptions --debugger-agent=transport=dt_socket,embedding=1,server=y,suspend=n,address=127.0.0.1:56576
Begin MonoManager ReloadAssembly
Registering precompiled unity dll's ...
Register platform support module: D:/2020.2.2f1/Editor/Data/PlaybackEngines/WindowsStandaloneSupport/UnityEditor.WindowsStandalone.Extensions.dll
Registered in 0.001259 seconds.
Native extension for WindowsStandalone target not found
Refreshing native plugins compatible for Editor in 38.99 ms, found 1 plugins.
Preloading 0 native plugins for Editor in 0.00 ms.
Invoked RoslynAnalysisRunner static constructor.
RoslynAnalysisRunner will not be running.
RoslynAnalysisRunner has terminated.
Mono: successfully reloaded assembly
- Completed reload, in  1.705 seconds
Platform modules already initialized, skipping
Registering precompiled user dll's ...
Registered in 0.000969 seconds.
Begin MonoManager ReloadAssembly
Symbol file data-0000029BC5230010 doesn't match image D:\Unity game\TeamProject-SealedMagic (1)\2DSealedmagic\Library\ScriptAssemblies\Unity.2D.Animation.Editor.dll
Symbol file LoadedFromMemory is not a mono symbol file
Symbol file data-0000029BD453F8C0 doesn't match image D:\Unity game\TeamProject-SealedMagic (1)\2DSealedmagic\Library\ScriptAssemblies\Unity.InternalAPIEngineBridge.001.dll
Symbol file LoadedFromMemory is not a mono symbol file
Symbol file data-0000029BC425F030 doesn't match image D:\Unity game\TeamProject-SealedMagic (1)\2DSealedmagic\Library\ScriptAssemblies\Unity.VSCode.Editor.dll
Symbol file LoadedFromMemory is not a mono symbol file
Symbol file data-0000029D7F2A0430 doesn't match image D:\Unity game\TeamProject-SealedMagic (1)\2DSealedmagic\Library\ScriptAssemblies\Unity.2D.PixelPerfect.dll
Symbol file LoadedFromMemory is not a mono symbol file
Symbol file data-0000029D7F0FFA20 doesn't match image D:\Unity game\TeamProject-SealedMagic (1)\2DSealedmagic\Library\ScriptAssemblies\Unity.2D.Tilemap.Editor.dll
Symbol file LoadedFromMemory is not a mono symbol file
Symbol file data-0000029BC448E230 doesn't match image D:\Unity game\TeamProject-SealedMagic (1)\2DSealedmagic\Library\ScriptAssemblies\PsdPlugin.dll
Symbol file LoadedFromMemory is not a mono symbol file
Symbol file data-0000029D7F0FFA20 doesn't match image D:\Unity game\TeamProject-SealedMagic (1)\2DSealedmagic\Library\ScriptAssemblies\Unity.TextMeshPro.Editor.dll
Symbol file LoadedFromMemory is not a mono symbol file
Symbol file data-0000029BC3FBF9B0 doesn't match image D:\Unity game\TeamProject-SealedMagic (1)\2DSealedmagic\Library\ScriptAssemblies\Unity.VisualStudio.Editor.dll
Symbol file LoadedFromMemory is not a mono symbol file
Symbol file data-0000029D7F78CA30 doesn't match image D:\Unity game\TeamProject-SealedMagic (1)\2DSealedmagic\Library\ScriptAssemblies\UnityEngine.TestRunner.dll
Symbol file LoadedFromMemory is not a mono symbol file
Symbol file data-0000029D7F50EA90 doesn't match image D:\Unity game\TeamProject-SealedMagic (1)\2DSealedmagic\Library\ScriptAssemblies\Unity.Timeline.dll
Symbol file LoadedFromMemory is not a mono symbol file
Symbol file data-0000029D7F23D1D0 doesn't match image D:\Unity game\TeamProject-SealedMagic (1)\2DSealedmagic\Library\ScriptAssemblies\Unity.TextMeshPro.dll
Symbol file LoadedFromMemory is not a mono symbol file
Symbol file data-0000029BC524F420 doesn't match image D:\Unity game\TeamProject-SealedMagic (1)\2DSealedmagic\Library\ScriptAssemblies\UnityEditor.TestRunner.dll
Symbol file LoadedFromMemory is not a mono symbol file
Symbol file data-0000029BC425F030 doesn't match image D:\Unity game\TeamProject-SealedMagic (1)\2DSealedmagic\Library\ScriptAssemblies\Unity.2D.IK.Editor.dll
Symbol file LoadedFromMemory is not a mono symbol file
Symbol file data-0000029D7F0FFA20 doesn't match image D:\Unity game\TeamProject-SealedMagic (1)\2DSealedmagic\Library\ScriptAssemblies\Unity.2D.Sprite.Editor.dll
Symbol file LoadedFromMemory is not a mono symbol file
Symbol file data-0000029BC3FBF9B0 doesn't match image D:\Unity game\TeamProject-SealedMagic (1)\2DSealedmagic\Library\ScriptAssemblies\Unity.2D.Psdimporter.Editor.dll
Symbol file LoadedFromMemory is not a mono symbol file
Symbol file data-0000029BC47B9430 doesn't match image D:\Unity game\TeamProject-SealedMagic (1)\2DSealedmagic\Library\ScriptAssemblies\Unity.2D.Path.Editor.dll
Symbol file LoadedFromMemory is not a mono symbol file
Symbol file data-0000029D7F2FA020 doesn't match image D:\Unity game\TeamProject-SealedMagic (1)\2DSealedmagic\Library\ScriptAssemblies\Unity.InternalAPIEditorBridge.001.dll
Symbol file LoadedFromMemory is not a mono symbol file
Symbol file data-0000029BC3FBF9B0 doesn't match image D:\Unity game\TeamProject-SealedMagic (1)\2DSealedmagic\Library\ScriptAssemblies\UnityEditor.UI.dll
Symbol file LoadedFromMemory is not a mono symbol file
Symbol file data-0000029BC3FBF9B0 doesn't match image D:\Unity game\TeamProject-SealedMagic (1)\2DSealedmagic\Library\ScriptAssemblies\Unity.Rider.Editor.dll
Symbol file LoadedFromMemory is not a mono symbol file
Symbol file data-0000029BC450F020 doesn't match image D:\Unity game\TeamProject-SealedMagic (1)\2DSealedmagic\Library\ScriptAssemblies\UnityEngine.UI.dll
Symbol file LoadedFromMemory is not a mono symbol file
Symbol file data-0000029BC43C9020 doesn't match image D:\Unity game\TeamProject-SealedMagic (1)\2DSealedmagic\Library\ScriptAssemblies\Unity.Mathematics.dll
Symbol file LoadedFromMemory is not a mono symbol file
Symbol file data-0000029BC425F030 doesn't match image D:\Unity game\TeamProject-SealedMagic (1)\2DSealedmagic\Library\ScriptAssemblies\Unity.2D.IK.Runtime.dll
Symbol file LoadedFromMemory is not a mono symbol file
Symbol file data-0000029BC4375020 doesn't match image D:\Unity game\TeamProject-SealedMagic (1)\2DSealedmagic\Library\ScriptAssemblies\Cinemachine.dll
Symbol file LoadedFromMemory is not a mono symbol file
Symbol file data-0000029D7F0FFA20 doesn't match image D:\Unity game\TeamProject-SealedMagic (1)\2DSealedmagic\Library\ScriptAssemblies\com.unity.cinemachine.editor.dll
Symbol file LoadedFromMemory is not a mono symbol file
Symbol file data-0000029BC40FF020 doesn't match image D:\Unity game\TeamProject-SealedMagic (1)\2DSealedmagic\Library\ScriptAssemblies\Unity.2D.Animation.Triangle.Runtime.dll
Symbol file LoadedFromMemory is not a mono symbol file
Symbol file data-0000029BC3C6F440 doesn't match image D:\Unity game\TeamProject-SealedMagic (1)\2DSealedmagic\Library\ScriptAssemblies\Unity.2D.Animation.Runtime.dll
Symbol file LoadedFromMemory is not a mono symbol file
Symbol file data-0000029D7EF24E60 doesn't match image D:\Unity game\TeamProject-SealedMagic (1)\2DSealedmagic\Library\ScriptAssemblies\Unity.2D.PixelPerfect.Editor.dll
Symbol file LoadedFromMemory is not a mono symbol file
Symbol file data-0000029BC40FF020 doesn't match image D:\Unity game\TeamProject-SealedMagic (1)\2DSealedmagic\Library\ScriptAssemblies\Unity.Timeline.Editor.dll
Symbol file LoadedFromMemory is not a mono symbol file
Symbol file data-0000029D7F78CA30 doesn't match image D:\Unity game\TeamProject-SealedMagic (1)\2DSealedmagic\Library\ScriptAssemblies\Unity.CollabProxy.Editor.dll
Symbol file LoadedFromMemory is not a mono symbol file
Symbol file data-0000029D7F5C0840 doesn't match image D:\Unity game\TeamProject-SealedMagic (1)\2DSealedmagic\Library\ScriptAssemblies\Unity.Mathematics.Editor.dll
Symbol file LoadedFromMemory is not a mono symbol file
Symbol file data-0000029D7EF25ED0 doesn't match image D:\Unity game\TeamProject-SealedMagic (1)\2DSealedmagic\Library\ScriptAssemblies\Unity.2D.Common.Runtime.dll
Symbol file LoadedFromMemory is not a mono symbol file
Symbol file data-0000029D7F1A1020 doesn't match image D:\Unity game\TeamProject-SealedMagic (1)\2DSealedmagic\Library\ScriptAssemblies\Unity.2D.SpriteShape.Editor.dll
Symbol file LoadedFromMemory is not a mono symbol file
Symbol file data-0000029D7F6A0470 doesn't match image D:\Unity game\TeamProject-SealedMagic (1)\2DSealedmagic\Library\ScriptAssemblies\Unity.2D.Common.Editor.dll
Symbol file LoadedFromMemory is not a mono symbol file
Symbol file data-0000029D7F78CA30 doesn't match image D:\Unity game\TeamProject-SealedMagic (1)\2DSealedmagic\Library\ScriptAssemblies\Unity.2D.SpriteShape.Runtime.dll
Symbol file LoadedFromMemory is not a mono symbol file
Native extension for WindowsStandalone target not found
Refreshing native plugins compatible for Editor in 44.36 ms, found 1 plugins.
Preloading 0 native plugins for Editor in 0.00 ms.
Invoked RoslynAnalysisRunner static constructor.
RoslynAnalysisRunner will not be running.
RoslynAnalysisRunner has terminated.
Mono: successfully reloaded assembly
- Completed reload, in  0.926 seconds
Platform modules already initialized, skipping
========================================================================
Worker process is ready to serve import requests
Launched and connected shader compiler UnityShaderCompiler.exe after 0.06 seconds
Refreshing native plugins compatible for Editor in 0.38 ms, found 1 plugins.
Preloading 0 native plugins for Editor in 0.00 ms.
Unloading 1976 Unused Serialized files (Serialized files now loaded: 0)
System memory in use before: 94.9 MB.
System memory in use after: 95.0 MB.

Unloading 20 unused Assets to reduce memory usage. Loaded Objects now: 2427.
Total: 2.122900 ms (FindLiveObjects: 0.171400 ms CreateObjectMapping: 0.062000 ms MarkObjects: 1.785200 ms  DeleteObjects: 0.103200 ms)

========================================================================
Received Import Request.
  path: Assets/Scenes/Stage1.unity
  artifactKey: Guid(aaed13ac9f31f7145a318445e6af2e0f) Importer(815301076,1909f56bfc062723c751e8b465ee728b)
Start importing Assets/Scenes/Stage1.unity using Guid(aaed13ac9f31f7145a318445e6af2e0f) Importer(815301076,1909f56bfc062723c751e8b465ee728b)  -> (artifact id: 'dde269aac6d74c46630a44d1a6bae9ee') in 0.019255 seconds
  Import took 0.024377 seconds .

========================================================================
Received Import Request.
  Time since last request: 0.000352 seconds.
  path: Assets/Scenes/MainScreen.unity
  artifactKey: Guid(c3060c75cc157f046b8b81a193a395fe) Importer(815301076,1909f56bfc062723c751e8b465ee728b)
Start importing Assets/Scenes/MainScreen.unity using Guid(c3060c75cc157f046b8b81a193a395fe) Importer(815301076,1909f56bfc062723c751e8b465ee728b)  -> (artifact id: '2c872f26604a388bfb950d1c986a422a') in 0.007667 seconds
  Import took 0.011686 seconds .

========================================================================
Received Import Request.
  Time since last request: 53.978851 seconds.
  path: Assets/Prefabs/AttackImpact.prefab
  artifactKey: Guid(d9c5bd755867e9042a4ffbabc6f615d7) Importer(815301076,1909f56bfc062723c751e8b465ee728b)
Start importing Assets/Prefabs/AttackImpact.prefab using Guid(d9c5bd755867e9042a4ffbabc6f615d7) Importer(815301076,1909f56bfc062723c751e8b465ee728b)  -> (artifact id: '060d9d61484c08f5bcb1b4a98e8f5b76') in 0.367965 seconds
  Import took 0.371368 seconds .

========================================================================
Received Import Request.
  Time since last request: 0.000282 seconds.
  path: Assets/Prefabs/BackGround.prefab
  artifactKey: Guid(2c8ae38560e53524eba686e20c44a10c) Importer(815301076,1909f56bfc062723c751e8b465ee728b)
Start importing Assets/Prefabs/BackGround.prefab using Guid(2c8ae38560e53524eba686e20c44a10c) Importer(815301076,1909f56bfc062723c751e8b465ee728b)  -> (artifact id: 'b22ee09c24255c2d1e886f1dc8c59e2d') in 0.085137 seconds
  Import took 0.106605 seconds .

========================================================================
Received Import Request.
  Time since last request: 0.000272 seconds.
  path: Assets/Prefabs/ply_Groundattack.prefab
  artifactKey: Guid(4ef2e341258bb154c976942df0de273f) Importer(815301076,1909f56bfc062723c751e8b465ee728b)
Start importing Assets/Prefabs/ply_Groundattack.prefab using Guid(4ef2e341258bb154c976942df0de273f) Importer(815301076,1909f56bfc062723c751e8b465ee728b)  -> (artifact id: '3044f9cc306c7e30fc7ed2f0b578e9f3') in 0.023214 seconds
  Import took 0.027378 seconds .

========================================================================
Received Import Request.
  Time since last request: 0.000321 seconds.
  path: Assets/Prefabs/MainCamera.prefab
  artifactKey: Guid(34a60b157c15a164db79b0c126e6f609) Importer(815301076,1909f56bfc062723c751e8b465ee728b)
Start importing Assets/Prefabs/MainCamera.prefab using Guid(34a60b157c15a164db79b0c126e6f609) Importer(815301076,1909f56bfc062723c751e8b465ee728b)  -> (artifact id: 'fadd05daa488d949c6c177108ec77965') in 0.084166 seconds
  Import took 0.089404 seconds .

========================================================================
Received Import Request.
  Time since last request: 0.000363 seconds.
  path: Assets/Prefabs/TestEnemy.prefab
  artifactKey: Guid(d5c6518140789644392fbc90a5294285) Importer(815301076,1909f56bfc062723c751e8b465ee728b)
Start importing Assets/Prefabs/TestEnemy.prefab using Guid(d5c6518140789644392fbc90a5294285) Importer(815301076,1909f56bfc062723c751e8b465ee728b)  -> (artifact id: '5e62e0204be3e079cbc688ce58e53351') in 0.187279 seconds
  Import took 0.192169 seconds .

========================================================================
Received Import Request.
  Time since last request: 0.000370 seconds.
  path: Assets/Prefabs/SoundManager.prefab
  artifactKey: Guid(697ba109725e1f740b5c06122dc858af) Importer(815301076,1909f56bfc062723c751e8b465ee728b)
Start importing Assets/Prefabs/SoundManager.prefab using Guid(697ba109725e1f740b5c06122dc858af) Importer(815301076,1909f56bfc062723c751e8b465ee728b)  -> (artifact id: 'ae5268f1cdd9066199df1952ae89a225') in 0.010004 seconds
  Import took 0.013726 seconds .

========================================================================
Received Import Request.
  Time since last request: 0.000373 seconds.
  path: Assets/Prefabs/Ice Bullet.prefab
  artifactKey: Guid(3373921c0c7295a4e9d12ac3ccf4d0e1) Importer(815301076,1909f56bfc062723c751e8b465ee728b)
Start importing Assets/Prefabs/Ice Bullet.prefab using Guid(3373921c0c7295a4e9d12ac3ccf4d0e1) Importer(815301076,1909f56bfc062723c751e8b465ee728b)  -> (artifact id: 'f51860e6f2a24da5226772b8bb3cacb9') in 0.017313 seconds
  Import took 0.022381 seconds .

========================================================================
Received Import Request.
  Time since last request: 0.000347 seconds.
  path: Assets/Prefabs/Fire Bullet.prefab
  artifactKey: Guid(4aac6e34cf6a7034497c8a2c44c543d4) Importer(815301076,1909f56bfc062723c751e8b465ee728b)
Start importing Assets/Prefabs/Fire Bullet.prefab using Guid(4aac6e34cf6a7034497c8a2c44c543d4) Importer(815301076,1909f56bfc062723c751e8b465ee728b)  -> (artifact id: 'ba16c40ae3b1fa276d3be518984cde8a') in 0.016751 seconds
  Import took 0.021071 seconds .

========================================================================
Received Import Request.
  Time since last request: 0.000343 seconds.
  path: Assets/Prefabs/BackGround 1.prefab
  artifactKey: Guid(f8daf5d22a502a34ea66ec3396ed74c1) Importer(815301076,1909f56bfc062723c751e8b465ee728b)
Start importing Assets/Prefabs/BackGround 1.prefab using Guid(f8daf5d22a502a34ea66ec3396ed74c1) Importer(815301076,1909f56bfc062723c751e8b465ee728b)  -> (artifact id: 'bc604bd2412a2434d1fb74d8c6334b8e') in 0.094921 seconds
  Import took 0.100402 seconds .

========================================================================
Received Import Request.
  Time since last request: 0.000308 seconds.
  path: Assets/Prefabs/DmgText.prefab
  artifactKey: Guid(ec90fe6e0a576254493bc12fd3624d34) Importer(815301076,1909f56bfc062723c751e8b465ee728b)
Start importing Assets/Prefabs/DmgText.prefab using Guid(ec90fe6e0a576254493bc12fd3624d34) Importer(815301076,1909f56bfc062723c751e8b465ee728b)  -> (artifact id: 'f0055b135764ad558ca15acc750b1fe2') in 0.042483 seconds
  Import took 0.045591 seconds .

========================================================================
Received Import Request.
  Time since last request: 0.000300 seconds.
  path: Assets/Prefabs/Player (1).prefab
  artifactKey: Guid(f561545267874f84aa2c98e72c506b1c) Importer(815301076,1909f56bfc062723c751e8b465ee728b)
Start importing Assets/Prefabs/Player (1).prefab using Guid(f561545267874f84aa2c98e72c506b1c) Importer(815301076,1909f56bfc062723c751e8b465ee728b)  -> (artifact id: 'e46ce8a3ddbdebf1256dec7fb8a904a2') in 0.056552 seconds
  Import took 0.061867 seconds .

========================================================================
Received Import Request.
  Time since last request: 0.000335 seconds.
  path: Assets/Prefabs/Ground Bullet.prefab
  artifactKey: Guid(f3061ed659265594faef7f76bd61f3d9) Importer(815301076,1909f56bfc062723c751e8b465ee728b)
Start importing Assets/Prefabs/Ground Bullet.prefab using Guid(f3061ed659265594faef7f76bd61f3d9) Importer(815301076,1909f56bfc062723c751e8b465ee728b)  -> (artifact id: 'aea2edf93b0ccf5d5367c2669e7e323d') in 0.042448 seconds
  Import took 0.045983 seconds .

========================================================================
Received Import Request.
  Time since last request: 0.000306 seconds.
  path: Assets/Prefabs/Bullet.prefab
  artifactKey: Guid(72c202146a57fbc4c9e65ee4db1c4a5e) Importer(815301076,1909f56bfc062723c751e8b465ee728b)
Start importing Assets/Prefabs/Bullet.prefab using Guid(72c202146a57fbc4c9e65ee4db1c4a5e) Importer(815301076,1909f56bfc062723c751e8b465ee728b)  -> (artifact id: 'e4ca2439da2239cd46b9bb559092b92f') in 0.016308 seconds
  Import took 0.034338 seconds .

========================================================================
Received Import Request.
  Time since last request: 0.000409 seconds.
  path: Assets/Prefabs/TestBoss.prefab
  artifactKey: Guid(921cc510d4de95e4fa43a7de6ef0b2af) Importer(815301076,1909f56bfc062723c751e8b465ee728b)
Start importing Assets/Prefabs/TestBoss.prefab using Guid(921cc510d4de95e4fa43a7de6ef0b2af) Importer(815301076,1909f56bfc062723c751e8b465ee728b)  -> (artifact id: '92dbd2f9d1645708d495ac7e343881e6') in 0.146338 seconds
  Import took 0.150351 seconds .

========================================================================
Received Import Request.
  Time since last request: 0.000314 seconds.
  path: Assets/Prefabs/Thunder Bullet.prefab
  artifactKey: Guid(b400e71b9abcebc44ab966bda32db2f3) Importer(815301076,1909f56bfc062723c751e8b465ee728b)
Start importing Assets/Prefabs/Thunder Bullet.prefab using Guid(b400e71b9abcebc44ab966bda32db2f3) Importer(815301076,1909f56bfc062723c751e8b465ee728b)  -> (artifact id: '0f9dd44c6f798ecc62bd11c0c33cff8c') in 0.031746 seconds
  Import took 0.034677 seconds .

========================================================================
Received Import Request.
  Time since last request: 0.000298 seconds.
  path: Assets/Prefabs/BackGround2.prefab
  artifactKey: Guid(6f74a52166f33994ab52c577c401fc4e) Importer(815301076,1909f56bfc062723c751e8b465ee728b)
Start importing Assets/Prefabs/BackGround2.prefab using Guid(6f74a52166f33994ab52c577c401fc4e) Importer(815301076,1909f56bfc062723c751e8b465ee728b)  -> (artifact id: '65b7cc46c8fe39aaa0860a1571a7619d') in 0.551626 seconds
  Import took 0.557140 seconds .

========================================================================
Received Import Request.
  Time since last request: 0.000333 seconds.
  path: Assets/Prefabs/GameManager.prefab
  artifactKey: Guid(1a2644f36d916304e881be33bc44d13b) Importer(815301076,1909f56bfc062723c751e8b465ee728b)
Start importing Assets/Prefabs/GameManager.prefab using Guid(1a2644f36d916304e881be33bc44d13b) Importer(815301076,1909f56bfc062723c751e8b465ee728b)  -> (artifact id: '2002adb44a2636724aadd34e2bb3ca61') in 0.015556 seconds
  Import took 0.019414 seconds .

========================================================================
Received Import Request.
  Time since last request: 64.903558 seconds.
  path: Assets/Image/BackGrand 1.mat
  artifactKey: Guid(d7ff98639ce43664cbbd884671ab8da3) Importer(815301076,1909f56bfc062723c751e8b465ee728b)
Start importing Assets/Image/BackGrand 1.mat using Guid(d7ff98639ce43664cbbd884671ab8da3) Importer(815301076,1909f56bfc062723c751e8b465ee728b)  -> (artifact id: 'df10966aad8c9929f3add1a01bc276d0') in 0.121619 seconds
  Import took 0.125540 seconds .

========================================================================
Received Import Request.
  Time since last request: 0.000314 seconds.
  path: Assets/Image/tileset-sliced.png
  artifactKey: Guid(261212b977f594d5dbc48631a5c1295c) Importer(815301076,1909f56bfc062723c751e8b465ee728b)
Start importing Assets/Image/tileset-sliced.png using Guid(261212b977f594d5dbc48631a5c1295c) Importer(815301076,1909f56bfc062723c751e8b465ee728b)  -> (artifact id: 'bd2aa8a7d103fc9322cec70572da1bb3') in 0.352943 seconds
  Import took 0.356914 seconds .

========================================================================
Received Import Request.
  Time since last request: 0.000315 seconds.
  path: Assets/Image/tileset.png
  artifactKey: Guid(3b66e1a27c9634fe9a4746c47eeda7cc) Importer(815301076,1909f56bfc062723c751e8b465ee728b)
Start importing Assets/Image/tileset.png using Guid(3b66e1a27c9634fe9a4746c47eeda7cc) Importer(815301076,1909f56bfc062723c751e8b465ee728b)  -> (artifact id: '1b24694a5235e7801d032e9aa6155bc0') in 0.047422 seconds
  Import took 0.050503 seconds .

========================================================================
Received Import Request.
  Time since last request: 0.000316 seconds.
  path: Assets/Image/BackGrand 2.mat
  artifactKey: Guid(27d3e7d27a3d39e46a380dc8f5c7bf12) Importer(815301076,1909f56bfc062723c751e8b465ee728b)
Start importing Assets/Image/BackGrand 2.mat using Guid(27d3e7d27a3d39e46a380dc8f5c7bf12) Importer(815301076,1909f56bfc062723c751e8b465ee728b)  -> (artifact id: '95c76929053d6f8a555b01297ff83767') in 0.078360 seconds
  Import took 0.081528 seconds .

========================================================================
Received Import Request.
  Time since last request: 0.000308 seconds.
  path: Assets/Image/BackGrand.mat
  artifactKey: Guid(a8a48f66baabe0047b190d9a72ccdcbf) Importer(815301076,1909f56bfc062723c751e8b465ee728b)
Start importing Assets/Image/BackGrand.mat using Guid(a8a48f66baabe0047b190d9a72ccdcbf) Importer(815301076,1909f56bfc062723c751e8b465ee728b)  -> (artifact id: '44dde9e270adae8220a6cb9c696d6698') in 0.033666 seconds
  Import took 0.043955 seconds .

========================================================================
Received Import Request.
  Time since last request: 8.541482 seconds.
  path: Assets/TileMap/1_중경_01.asset
  artifactKey: Guid(0b1fdb4c2d711044c8f8330205f0dcd2) Importer(815301076,1909f56bfc062723c751e8b465ee728b)
Start importing Assets/TileMap/1_중경_01.asset using Guid(0b1fdb4c2d711044c8f8330205f0dcd2) Importer(815301076,1909f56bfc062723c751e8b465ee728b)  -> (artifact id: '7ea2889066c5eec5a9c88acdc4279f2e') in 0.021000 seconds
  Import took 0.024076 seconds .

========================================================================
Received Import Request.
  Time since last request: 0.005921 seconds.
  path: Assets/TileMap/1_중경_02.asset
  artifactKey: Guid(c729386503be1f940b805253442faee4) Importer(815301076,1909f56bfc062723c751e8b465ee728b)
Start importing Assets/TileMap/1_중경_02.asset using Guid(c729386503be1f940b805253442faee4) Importer(815301076,1909f56bfc062723c751e8b465ee728b)  -> (artifact id: '7e2ff458cf752313d3f7bc3d34569412') in 0.012426 seconds
  Import took 0.015779 seconds .

========================================================================
Received Import Request.
  Time since last request: 0.002350 seconds.
  path: Assets/TileMap/1_중경_03.asset
  artifactKey: Guid(c3efa69e3dd093942bab7335ae16a084) Importer(815301076,1909f56bfc062723c751e8b465ee728b)
Start importing Assets/TileMap/1_중경_03.asset using Guid(c3efa69e3dd093942bab7335ae16a084) Importer(815301076,1909f56bfc062723c751e8b465ee728b)  -> (artifact id: '3073eda8bea5a9fa67c0f6683a1036a9') in 0.019421 seconds
  Import took 0.023106 seconds .

========================================================================
Received Import Request.
  Time since last request: 0.000314 seconds.
  path: Assets/TileMap/1_중경_06.asset
  artifactKey: Guid(be066dbfda7c8c44aaa302e8c59f3ab9) Importer(815301076,1909f56bfc062723c751e8b465ee728b)
Start importing Assets/TileMap/1_중경_06.asset using Guid(be066dbfda7c8c44aaa302e8c59f3ab9) Importer(815301076,1909f56bfc062723c751e8b465ee728b)  -> (artifact id: 'a13c9414ac29411a70be38c8deb14d6b') in 0.012705 seconds
  Import took 0.015723 seconds .

========================================================================
Received Import Request.
  Time since last request: 0.025417 seconds.
  path: Assets/TileMap/1_중경_07.asset
  artifactKey: Guid(e19d1f5984fbe8c40bdabbf272e777bc) Importer(815301076,1909f56bfc062723c751e8b465ee728b)
Start importing Assets/TileMap/1_중경_07.asset using Guid(e19d1f5984fbe8c40bdabbf272e777bc) Importer(815301076,1909f56bfc062723c751e8b465ee728b)  -> (artifact id: 'ff445f5e9ef4be770578111f0aad4517') in 0.016148 seconds
  Import took 0.019470 seconds .

========================================================================
Received Import Request.
  Time since last request: 0.000389 seconds.
  path: Assets/TileMap/Platform Palette.prefab
  artifactKey: Guid(ae2f1ff6243074f498098c2573ebedc1) Importer(815301076,1909f56bfc062723c751e8b465ee728b)
Start importing Assets/TileMap/Platform Palette.prefab using Guid(ae2f1ff6243074f498098c2573ebedc1) Importer(815301076,1909f56bfc062723c751e8b465ee728b)  -> (artifact id: '3b8fbf7091c3cdcb0843098025a9ae7c') in 0.022213 seconds
  Import took 0.026403 seconds .

========================================================================
Received Import Request.
  Time since last request: 17.703638 seconds.
  path: Assets/Animation/Player
  artifactKey: Guid(0d79c2fa61b688442873ab273eea8d0a) Importer(815301076,1909f56bfc062723c751e8b465ee728b)
Start importing Assets/Animation/Player using Guid(0d79c2fa61b688442873ab273eea8d0a) Importer(815301076,1909f56bfc062723c751e8b465ee728b)  -> (artifact id: '7cd0808ec7e61992689123d462f2585d') in 0.008084 seconds
  Import took 0.011819 seconds .

========================================================================
Received Import Request.
  Time since last request: 51.214925 seconds.
  path: Assets/Prefabs/Enemy
  artifactKey: Guid(eb86942955d4ab64694a5d9cf6bf9209) Importer(815301076,1909f56bfc062723c751e8b465ee728b)
Start importing Assets/Prefabs/Enemy using Guid(eb86942955d4ab64694a5d9cf6bf9209) Importer(815301076,1909f56bfc062723c751e8b465ee728b)  -> (artifact id: 'af25baa0451d6ad364d87c0d98c97f55') in 0.022858 seconds
  Import took 0.026644 seconds .

========================================================================
Received Import Request.
  Time since last request: 0.034080 seconds.
  path: Assets/Prefabs/Enemy/Boss_King.prefab
  artifactKey: Guid(1a70b8e265f77f543bfb4447b5ce859f) Importer(815301076,1909f56bfc062723c751e8b465ee728b)
Start importing Assets/Prefabs/Enemy/Boss_King.prefab using Guid(1a70b8e265f77f543bfb4447b5ce859f) Importer(815301076,1909f56bfc062723c751e8b465ee728b)  -> (artifact id: '01f2613f724c7a6c0d451f8fa57b7ac1') in 0.192458 seconds
  Import took 0.208641 seconds .

========================================================================
Received Import Request.
  Time since last request: 0.000307 seconds.
  path: Assets/Prefabs/Enemy/Enemy_Goblin.prefab
  artifactKey: Guid(096ac0a3b6098c449b9df726a51e76ad) Importer(815301076,1909f56bfc062723c751e8b465ee728b)
Start importing Assets/Prefabs/Enemy/Enemy_Goblin.prefab using Guid(096ac0a3b6098c449b9df726a51e76ad) Importer(815301076,1909f56bfc062723c751e8b465ee728b)  -> (artifact id: '264e3a629f9736f04ac0a30cbdc81938') in 0.038953 seconds
  Import took 0.042455 seconds .

========================================================================
Received Import Request.
  Time since last request: 0.000300 seconds.
  path: Assets/Prefabs/Enemy/Enemy_Soldier.prefab
  artifactKey: Guid(9e4855af297acf84db5e65bd66574bc2) Importer(815301076,1909f56bfc062723c751e8b465ee728b)
Start importing Assets/Prefabs/Enemy/Enemy_Soldier.prefab using Guid(9e4855af297acf84db5e65bd66574bc2) Importer(815301076,1909f56bfc062723c751e8b465ee728b)  -> (artifact id: 'a4e64de2eab95b6b7ff3fc8c1de8de8d') in 0.040317 seconds
  Import took 0.043739 seconds .

========================================================================
Received Import Request.
  Time since last request: 0.000355 seconds.
  path: Assets/Prefabs/Enemy/Enemy_First_General.prefab
  artifactKey: Guid(f6e4f800e2179824c956e98d264f6cd9) Importer(815301076,1909f56bfc062723c751e8b465ee728b)
Start importing Assets/Prefabs/Enemy/Enemy_First_General.prefab using Guid(f6e4f800e2179824c956e98d264f6cd9) Importer(815301076,1909f56bfc062723c751e8b465ee728b)  -> (artifact id: '8cce0cfb4080c08652b5ff934b4697a2') in 0.198502 seconds
  Import took 0.201888 seconds .

========================================================================
Received Prepare
Registering precompiled user dll's ...
Registered in 0.001130 seconds.
Begin MonoManager ReloadAssembly
Symbol file data-0000029BC45ED040 doesn't match image D:\Unity game\TeamProject-SealedMagic (1)\2DSealedmagic\Library\ScriptAssemblies\Unity.2D.Animation.Editor.dll
Symbol file LoadedFromMemory is not a mono symbol file
Symbol file data-0000029BC74F62F0 doesn't match image D:\Unity game\TeamProject-SealedMagic (1)\2DSealedmagic\Library\ScriptAssemblies\Unity.InternalAPIEngineBridge.001.dll
Symbol file LoadedFromMemory is not a mono symbol file
Symbol file data-0000029D7F4D7DE0 doesn't match image D:\Unity game\TeamProject-SealedMagic (1)\2DSealedmagic\Library\ScriptAssemblies\Unity.VSCode.Editor.dll
Symbol file LoadedFromMemory is not a mono symbol file
Symbol file data-0000029BD6DD8D00 doesn't match image D:\Unity game\TeamProject-SealedMagic (1)\2DSealedmagic\Library\ScriptAssemblies\Unity.2D.PixelPerfect.dll
Symbol file LoadedFromMemory is not a mono symbol file
Symbol file data-0000029BC424F020 doesn't match image D:\Unity game\TeamProject-SealedMagic (1)\2DSealedmagic\Library\ScriptAssemblies\Unity.2D.Tilemap.Editor.dll
Symbol file LoadedFromMemory is not a mono symbol file
Symbol file data-0000029BC47B9430 doesn't match image D:\Unity game\TeamProject-SealedMagic (1)\2DSealedmagic\Library\ScriptAssemblies\PsdPlugin.dll
Symbol file LoadedFromMemory is not a mono symbol file
Symbol file data-0000029BC424F020 doesn't match image D:\Unity game\TeamProject-SealedMagic (1)\2DSealedmagic\Library\ScriptAssemblies\Unity.TextMeshPro.Editor.dll
Symbol file LoadedFromMemory is not a mono symbol file
Symbol file data-0000029BC6921020 doesn't match image D:\Unity game\TeamProject-SealedMagic (1)\2DSealedmagic\Library\ScriptAssemblies\Unity.VisualStudio.Editor.dll
Symbol file LoadedFromMemory is not a mono symbol file
Symbol file data-0000029D7F5C1690 doesn't match image D:\Unity game\TeamProject-SealedMagic (1)\2DSealedmagic\Library\ScriptAssemblies\UnityEngine.TestRunner.dll
Symbol file LoadedFromMemory is not a mono symbol file
Symbol file data-0000029D7F8CA020 doesn't match image D:\Unity game\TeamProject-SealedMagic (1)\2DSealedmagic\Library\ScriptAssemblies\Unity.Timeline.dll
Symbol file LoadedFromMemory is not a mono symbol file
Symbol file data-0000029BC3A71010 doesn't match image D:\Unity game\TeamProject-SealedMagic (1)\2DSealedmagic\Library\ScriptAssemblies\Unity.TextMeshPro.dll
Symbol file LoadedFromMemory is not a mono symbol file
Symbol file data-0000029D7F8CA020 doesn't match image D:\Unity game\TeamProject-SealedMagic (1)\2DSealedmagic\Library\ScriptAssemblies\UnityEditor.TestRunner.dll
Symbol file LoadedFromMemory is not a mono symbol file
Symbol file data-0000029D7F529F40 doesn't match image D:\Unity game\TeamProject-SealedMagic (1)\2DSealedmagic\Library\ScriptAssemblies\Unity.2D.IK.Editor.dll
Symbol file LoadedFromMemory is not a mono symbol file
Symbol file data-0000029D7F8CA020 doesn't match image D:\Unity game\TeamProject-SealedMagic (1)\2DSealedmagic\Library\ScriptAssemblies\Unity.2D.Sprite.Editor.dll
Symbol file LoadedFromMemory is not a mono symbol file
Symbol file data-0000029BC3AAB010 doesn't match image D:\Unity game\TeamProject-SealedMagic (1)\2DSealedmagic\Library\ScriptAssemblies\Unity.2D.Psdimporter.Editor.dll
Symbol file LoadedFromMemory is not a mono symbol file
Symbol file data-0000029BC3AAB010 doesn't match image D:\Unity game\TeamProject-SealedMagic (1)\2DSealedmagic\Library\ScriptAssemblies\Unity.2D.Path.Editor.dll
Symbol file LoadedFromMemory is not a mono symbol file
Symbol file data-0000029D7F8DB430 doesn't match image D:\Unity game\TeamProject-SealedMagic (1)\2DSealedmagic\Library\ScriptAssemblies\Unity.InternalAPIEditorBridge.001.dll
Symbol file LoadedFromMemory is not a mono symbol file
Symbol file data-0000029BC3AAB010 doesn't match image D:\Unity game\TeamProject-SealedMagic (1)\2DSealedmagic\Library\ScriptAssemblies\UnityEditor.UI.dll
Symbol file LoadedFromMemory is not a mono symbol file
Symbol file data-0000029BC6921020 doesn't match image D:\Unity game\TeamProject-SealedMagic (1)\2DSealedmagic\Library\ScriptAssemblies\Unity.Rider.Editor.dll
Symbol file LoadedFromMemory is not a mono symbol file
Symbol file data-0000029BC49A4010 doesn't match image D:\Unity game\TeamProject-SealedMagic (1)\2DSealedmagic\Library\ScriptAssemblies\UnityEngine.UI.dll
Symbol file LoadedFromMemory is not a mono symbol file
Symbol file data-0000029BC4311010 doesn't match image D:\Unity game\TeamProject-SealedMagic (1)\2DSealedmagic\Library\ScriptAssemblies\Unity.Mathematics.dll
Symbol file LoadedFromMemory is not a mono symbol file
Symbol file data-0000029D7F3B5E40 doesn't match image D:\Unity game\TeamProject-SealedMagic (1)\2DSealedmagic\Library\ScriptAssemblies\Unity.2D.IK.Runtime.dll
Symbol file LoadedFromMemory is not a mono symbol file
Symbol file data-0000029BC69966F0 doesn't match image D:\Unity game\TeamProject-SealedMagic (1)\2DSealedmagic\Library\ScriptAssemblies\Cinemachine.dll
Symbol file LoadedFromMemory is not a mono symbol file
Symbol file data-0000029D7F68FE40 doesn't match image D:\Unity game\TeamProject-SealedMagic (1)\2DSealedmagic\Library\ScriptAssemblies\com.unity.cinemachine.editor.dll
Symbol file LoadedFromMemory is not a mono symbol file
Symbol file data-0000029BC49A4010 doesn't match image D:\Unity game\TeamProject-SealedMagic (1)\2DSealedmagic\Library\ScriptAssemblies\Unity.2D.Animation.Triangle.Runtime.dll
Symbol file LoadedFromMemory is not a mono symbol file
Symbol file data-0000029D7F54A920 doesn't match image D:\Unity game\TeamProject-SealedMagic (1)\2DSealedmagic\Library\ScriptAssemblies\Unity.2D.Animation.Runtime.dll
Symbol file LoadedFromMemory is not a mono symbol file
Symbol file data-0000029BC3A5C9E0 doesn't match image D:\Unity game\TeamProject-SealedMagic (1)\2DSealedmagic\Library\ScriptAssemblies\Unity.2D.PixelPerfect.Editor.dll
Symbol file LoadedFromMemory is not a mono symbol file
Symbol file data-0000029BC40FF020 doesn't match image D:\Unity game\TeamProject-SealedMagic (1)\2DSealedmagic\Library\ScriptAssemblies\Unity.Timeline.Editor.dll
Symbol file LoadedFromMemory is not a mono symbol file
Symbol file data-0000029D7F68FE40 doesn't match image D:\Unity game\TeamProject-SealedMagic (1)\2DSealedmagic\Library\ScriptAssemblies\Unity.CollabProxy.Editor.dll
Symbol file LoadedFromMemory is not a mono symbol file
Symbol file data-0000029BC5B00010 doesn't match image D:\Unity game\TeamProject-SealedMagic (1)\2DSealedmagic\Library\ScriptAssemblies\Unity.Mathematics.Editor.dll
Symbol file LoadedFromMemory is not a mono symbol file
Symbol file data-0000029D7EF25960 doesn't match image D:\Unity game\TeamProject-SealedMagic (1)\2DSealedmagic\Library\ScriptAssemblies\Unity.2D.Common.Runtime.dll
Symbol file LoadedFromMemory is not a mono symbol file
Symbol file data-0000029BC49B8020 doesn't match image D:\Unity game\TeamProject-SealedMagic (1)\2DSealedmagic\Library\ScriptAssemblies\Unity.2D.SpriteShape.Editor.dll
Symbol file LoadedFromMemory is not a mono symbol file
Symbol file data-0000029D7F513890 doesn't match image D:\Unity game\TeamProject-SealedMagic (1)\2DSealedmagic\Library\ScriptAssemblies\Unity.2D.Common.Editor.dll
Symbol file LoadedFromMemory is not a mono symbol file
Symbol file data-0000029D7F68FE40 doesn't match image D:\Unity game\TeamProject-SealedMagic (1)\2DSealedmagic\Library\ScriptAssemblies\Unity.2D.SpriteShape.Runtime.dll
Symbol file LoadedFromMemory is not a mono symbol file
Native extension for WindowsStandalone target not found
Refreshing native plugins compatible for Editor in 0.42 ms, found 1 plugins.
Preloading 0 native plugins for Editor in 0.00 ms.
Invoked RoslynAnalysisRunner static constructor.
RoslynAnalysisRunner will not be running.
RoslynAnalysisRunner has terminated.
Mono: successfully reloaded assembly
- Completed reload, in  0.934 seconds
Platform modules already initialized, skipping
Refreshing native plugins compatible for Editor in 0.41 ms, found 1 plugins.
Preloading 0 native plugins for Editor in 0.00 ms.
Unloading 1950 Unused Serialized files (Serialized files now loaded: 0)
System memory in use before: 97.6 MB.
System memory in use after: 97.8 MB.

Unloading 9 unused Assets to reduce memory usage. Loaded Objects now: 2481.
Total: 2.223300 ms (FindLiveObjects: 0.391700 ms CreateObjectMapping: 0.079200 ms MarkObjects: 1.733600 ms  DeleteObjects: 0.016900 ms)

========================================================================
Received Import Request.
  Time since last request: 380.787116 seconds.
  path: Assets/C#/Bullet.cs
  artifactKey: Guid(d5a7ae1cc83c4cf4792d5b6e7ccd77eb) Importer(815301076,1909f56bfc062723c751e8b465ee728b)
Start importing Assets/C#/Bullet.cs using Guid(d5a7ae1cc83c4cf4792d5b6e7ccd77eb) Importer(815301076,1909f56bfc062723c751e8b465ee728b)  -> (artifact id: '2edc53654c342fc6509b4c844aecd8fc') in 0.020086 seconds
  Import took 0.024648 seconds .

========================================================================
Received Import Request.
  Time since last request: 107.551126 seconds.
  path: Assets/Scenes/Stage2.unity
  artifactKey: Guid(e07a8b766ac4ca441b15420cc215a6fd) Importer(815301076,1909f56bfc062723c751e8b465ee728b)
Start importing Assets/Scenes/Stage2.unity using Guid(e07a8b766ac4ca441b15420cc215a6fd) Importer(815301076,1909f56bfc062723c751e8b465ee728b)  -> (artifact id: '94dfde4969ddc9b9c543c5f281cd83a9') in 0.015947 seconds
  Import took 0.020178 seconds .

========================================================================
Received Import Request.
  Time since last request: 8.770139 seconds.
  path: Assets/Scenes/Stage3.unity
  artifactKey: Guid(d2f3212acd496154bb1544e072d9862f) Importer(815301076,1909f56bfc062723c751e8b465ee728b)
Start importing Assets/Scenes/Stage3.unity using Guid(d2f3212acd496154bb1544e072d9862f) Importer(815301076,1909f56bfc062723c751e8b465ee728b)  -> (artifact id: '9621619ae4b248d2d1e5997e290164bd') in 0.012479 seconds
  Import took 0.015890 seconds .

========================================================================
Received Import Request.
  Time since last request: 8.586396 seconds.
  path: Assets/Scenes/Stage1.unity
  artifactKey: Guid(aaed13ac9f31f7145a318445e6af2e0f) Importer(815301076,1909f56bfc062723c751e8b465ee728b)
Start importing Assets/Scenes/Stage1.unity using Guid(aaed13ac9f31f7145a318445e6af2e0f) Importer(815301076,1909f56bfc062723c751e8b465ee728b)  -> (artifact id: '973d0f6169cec5dd23938d663f1218f2') in 0.009692 seconds
  Import took 0.013102 seconds .

========================================================================
Received Import Request.
  Time since last request: 50.187793 seconds.
  path: Assets/C#/FadeIn.cs
  artifactKey: Guid(1361c63fd14b68d43a8aad792add4c68) Importer(815301076,1909f56bfc062723c751e8b465ee728b)
Start importing Assets/C#/FadeIn.cs using Guid(1361c63fd14b68d43a8aad792add4c68) Importer(815301076,1909f56bfc062723c751e8b465ee728b)  -> (artifact id: 'ea983cec51b478c7947a9a89aa0534e3') in 0.009195 seconds
  Import took 0.014679 seconds .

========================================================================
Received Import Request.
  Time since last request: 51.098429 seconds.
  path: Assets/C#/GameClear.cs
  artifactKey: Guid(39b0bbeb2f450ad4ea214e6e5c292fe7) Importer(815301076,1909f56bfc062723c751e8b465ee728b)
Start importing Assets/C#/GameClear.cs using Guid(39b0bbeb2f450ad4ea214e6e5c292fe7) Importer(815301076,1909f56bfc062723c751e8b465ee728b)  -> (artifact id: '45ef026d39eacbb69ceb89cccfd20711') in 0.010211 seconds
  Import took 0.015647 seconds .

========================================================================
Received Import Request.
  Time since last request: 0.000920 seconds.
  path: Assets/C#/GameClear.cs
  artifactKey: Guid(39b0bbeb2f450ad4ea214e6e5c292fe7) Importer(815301076,1909f56bfc062723c751e8b465ee728b)
Start importing Assets/C#/GameClear.cs using Guid(39b0bbeb2f450ad4ea214e6e5c292fe7) Importer(815301076,1909f56bfc062723c751e8b465ee728b)  -> (artifact id: '45ef026d39eacbb69ceb89cccfd20711') in 0.004901 seconds
  Import took 0.009836 seconds .

========================================================================
Received Import Request.
  Time since last request: 8.196760 seconds.
  path: Assets/C#/GameManager.cs
  artifactKey: Guid(51b097df3a570de418efcf6bcd860224) Importer(815301076,1909f56bfc062723c751e8b465ee728b)
Start importing Assets/C#/GameManager.cs using Guid(51b097df3a570de418efcf6bcd860224) Importer(815301076,1909f56bfc062723c751e8b465ee728b)  -> (artifact id: '406ebfef056f9a27de769ebb733d351c') in 0.009059 seconds
  Import took 0.037465 seconds .

========================================================================
Received Import Request.
  Time since last request: 7.281147 seconds.
  path: Assets/C#/Icons.cs
  artifactKey: Guid(1eafa4186a4a46c478ceed305168a9d0) Importer(815301076,1909f56bfc062723c751e8b465ee728b)
Start importing Assets/C#/Icons.cs using Guid(1eafa4186a4a46c478ceed305168a9d0) Importer(815301076,1909f56bfc062723c751e8b465ee728b)  -> (artifact id: '0767e4f49f082dc2f5631afecf6af08c') in 0.011631 seconds
  Import took 0.018344 seconds .

========================================================================
Received Import Request.
  Time since last request: 0.000815 seconds.
  path: Assets/C#/Icons.cs
  artifactKey: Guid(1eafa4186a4a46c478ceed305168a9d0) Importer(815301076,1909f56bfc062723c751e8b465ee728b)
Start importing Assets/C#/Icons.cs using Guid(1eafa4186a4a46c478ceed305168a9d0) Importer(815301076,1909f56bfc062723c751e8b465ee728b)  -> (artifact id: '0767e4f49f082dc2f5631afecf6af08c') in 0.004087 seconds
  Import took 0.008568 seconds .

========================================================================
Received Import Request.
  Time since last request: 100.183447 seconds.
  path: Assets/C#/Object.cs
  artifactKey: Guid(47d0d043c36623343b3e37f1e1379662) Importer(815301076,1909f56bfc062723c751e8b465ee728b)
Start importing Assets/C#/Object.cs using Guid(47d0d043c36623343b3e37f1e1379662) Importer(815301076,1909f56bfc062723c751e8b465ee728b)  -> (artifact id: 'ecfaa1d4d7d99d20bde1f33bbaba42b0') in 0.008331 seconds
  Import took 0.012855 seconds .

========================================================================
Received Import Request.
  Time since last request: 10.020446 seconds.
  path: Assets/C#/SoundManager.cs
  artifactKey: Guid(13c0e1e1f030d7f46b6fd9db7d6a1e11) Importer(815301076,1909f56bfc062723c751e8b465ee728b)
Start importing Assets/C#/SoundManager.cs using Guid(13c0e1e1f030d7f46b6fd9db7d6a1e11) Importer(815301076,1909f56bfc062723c751e8b465ee728b)  -> (artifact id: '9ddd2d628b6db3515406cc0946f5f2c3') in 0.039688 seconds
  Import took 0.048209 seconds .

========================================================================
Received Import Request.
  Time since last request: 8.548114 seconds.
  path: Assets/C#/UserInterface.cs
  artifactKey: Guid(c2678e53f3b265b46b61c6cf5b9691c9) Importer(815301076,1909f56bfc062723c751e8b465ee728b)
Start importing Assets/C#/UserInterface.cs using Guid(c2678e53f3b265b46b61c6cf5b9691c9) Importer(815301076,1909f56bfc062723c751e8b465ee728b)  -> (artifact id: 'ab2385ab8c3e429ee6270f3e1344f855') in 0.014000 seconds
  Import took 0.019054 seconds .

========================================================================
Received Import Request.
  Time since last request: 0.005886 seconds.
  path: Assets/C#/UserInterface.cs
  artifactKey: Guid(c2678e53f3b265b46b61c6cf5b9691c9) Importer(815301076,1909f56bfc062723c751e8b465ee728b)
Start importing Assets/C#/UserInterface.cs using Guid(c2678e53f3b265b46b61c6cf5b9691c9) Importer(815301076,1909f56bfc062723c751e8b465ee728b)  -> (artifact id: 'ab2385ab8c3e429ee6270f3e1344f855') in 0.004490 seconds
  Import took 0.009585 seconds .

========================================================================
Received Import Request.
  Time since last request: 493.082678 seconds.
  path: Assets/Scenes/Stage2.unity
  artifactKey: Guid(e07a8b766ac4ca441b15420cc215a6fd) Importer(815301076,1909f56bfc062723c751e8b465ee728b)
Start importing Assets/Scenes/Stage2.unity using Guid(e07a8b766ac4ca441b15420cc215a6fd) Importer(815301076,1909f56bfc062723c751e8b465ee728b)  -> (artifact id: '61477cba30e3281b8e697cdabe6171c0') in 0.005394 seconds
  Import took 0.011262 seconds .

========================================================================
Received Import Request.
  Time since last request: 24.410574 seconds.
  path: Assets/Scenes/Stage3.unity
  artifactKey: Guid(d2f3212acd496154bb1544e072d9862f) Importer(815301076,1909f56bfc062723c751e8b465ee728b)
Start importing Assets/Scenes/Stage3.unity using Guid(d2f3212acd496154bb1544e072d9862f) Importer(815301076,1909f56bfc062723c751e8b465ee728b)  -> (artifact id: 'c7d2b6a8cce9c38315a7644fef8fca91') in 0.004829 seconds
  Import took 0.009099 seconds .

AssetImportWorkerClient::OnTransportError - code=2 error=End of file
