Using pre-set license
Built from '2020.2/release' branch; Version is '2020.2.2f1 (068178b99f32) revision 426360'; Using compiler version '192528614'; Build Type 'Release'
OS: 'Windows 10 Pro; OS build 19041.867; Version 2004; 64bit' Language: 'ko' Physical Memory: 32699 MB
BatchMode: 1, IsHumanControllingUs: 0, StartBugReporterOnCrash: 0, Is64bit: 1, IsPro: 0

 COMMAND LINE ARGUMENTS:
F:\Unity 3D\unnn\2020.2.2f1\Editor\Unity.exe
-adb2
-batchMode
-noUpm
-name
AssetImportWorker0
-projectPath
F:/!github-desktop/TeamProject-SealedMagic/2DSealedmagic
-logFile
Logs/AssetImportWorker0.log
-srvPort
54474
Successfully changed project path to: F:/!github-desktop/TeamProject-SealedMagic/2DSealedmagic
F:/!github-desktop/TeamProject-SealedMagic/2DSealedmagic
Using Asset Import Pipeline V2.
Refreshing native plugins compatible for Editor in 60.07 ms, found 1 plugins.
Preloading 0 native plugins for Editor in 0.00 ms.
Initialize engine version: 2020.2.2f1 (068178b99f32)
[Subsystems] Discovering subsystems at path F:/Unity 3D/unnn/2020.2.2f1/Editor/Data/Resources/UnitySubsystems
[Subsystems] Discovering subsystems at path F:/!github-desktop/TeamProject-SealedMagic/2DSealedmagic/Assets
GfxDevice: creating device client; threaded=0
Direct3D:
    Version:  Direct3D 11.0 [level 11.1]
    Renderer: NVIDIA GeForce RTX 2070 (ID=0x1f02)
    Vendor:   
    VRAM:     8031 MB
    Driver:   27.21.14.6172
Initialize mono
Mono path[0] = 'F:/Unity 3D/unnn/2020.2.2f1/Editor/Data/Managed'
Mono path[1] = 'F:/Unity 3D/unnn/2020.2.2f1/Editor/Data/MonoBleedingEdge/lib/mono/unityjit'
Mono config path = 'F:/Unity 3D/unnn/2020.2.2f1/Editor/Data/MonoBleedingEdge/etc'
Using monoOptions --debugger-agent=transport=dt_socket,embedding=1,server=y,suspend=n,address=127.0.0.1:56924
Begin MonoManager ReloadAssembly
Registering precompiled unity dll's ...
Register platform support module: F:/Unity 3D/unnn/2020.2.2f1/Editor/Data/PlaybackEngines/WindowsStandaloneSupport/UnityEditor.WindowsStandalone.Extensions.dll
Registered in 0.001570 seconds.
Native extension for WindowsStandalone target not found
Refreshing native plugins compatible for Editor in 61.04 ms, found 1 plugins.
Preloading 0 native plugins for Editor in 0.00 ms.
Invoked RoslynAnalysisRunner static constructor.
RoslynAnalysisRunner will not be running.
RoslynAnalysisRunner has terminated.
Mono: successfully reloaded assembly
- Completed reload, in  2.860 seconds
Platform modules already initialized, skipping
Registering precompiled user dll's ...
Registered in 0.001372 seconds.
Begin MonoManager ReloadAssembly
Native extension for WindowsStandalone target not found
Refreshing native plugins compatible for Editor in 61.69 ms, found 1 plugins.
Preloading 0 native plugins for Editor in 0.00 ms.
Invoked RoslynAnalysisRunner static constructor.
RoslynAnalysisRunner will not be running.
RoslynAnalysisRunner has terminated.
Mono: successfully reloaded assembly
- Completed reload, in  1.390 seconds
Platform modules already initialized, skipping
========================================================================
Worker process is ready to serve import requests
Launched and connected shader compiler UnityShaderCompiler.exe after 0.06 seconds
Refreshing native plugins compatible for Editor in 0.48 ms, found 1 plugins.
Preloading 0 native plugins for Editor in 0.00 ms.
Unloading 1970 Unused Serialized files (Serialized files now loaded: 0)
System memory in use before: 94.4 MB.
System memory in use after: 94.4 MB.

Unloading 24 unused Assets to reduce memory usage. Loaded Objects now: 2416.
Total: 3.312900 ms (FindLiveObjects: 0.229200 ms CreateObjectMapping: 0.105000 ms MarkObjects: 2.821800 ms  DeleteObjects: 0.155100 ms)

========================================================================
Received Import Request.
  path: Assets/C#/SoundManager.cs
  artifactKey: Guid(13c0e1e1f030d7f46b6fd9db7d6a1e11) Importer(815301076,1909f56bfc062723c751e8b465ee728b)
Start importing Assets/C#/SoundManager.cs using Guid(13c0e1e1f030d7f46b6fd9db7d6a1e11) Importer(815301076,1909f56bfc062723c751e8b465ee728b)  -> (artifact id: 'acb96f09fbd13d68cfa9e0496064acf7') in 0.087974 seconds
  Import took 0.092116 seconds .

========================================================================
Received Import Request.
  Time since last request: 22.800388 seconds.
  path: Assets/C#/SoundManager.cs
  artifactKey: Guid(13c0e1e1f030d7f46b6fd9db7d6a1e11) Importer(815301076,1909f56bfc062723c751e8b465ee728b)
Start importing Assets/C#/SoundManager.cs using Guid(13c0e1e1f030d7f46b6fd9db7d6a1e11) Importer(815301076,1909f56bfc062723c751e8b465ee728b)  -> (artifact id: '0b742fe7c01280c4d1b05ebfc5de646d') in 0.003355 seconds
  Import took 0.007405 seconds .

========================================================================
Received Prepare
Registering precompiled user dll's ...
Registered in 0.001259 seconds.
Begin MonoManager ReloadAssembly
Native extension for WindowsStandalone target not found
Refreshing native plugins compatible for Editor in 0.50 ms, found 1 plugins.
Preloading 0 native plugins for Editor in 0.00 ms.
Invoked RoslynAnalysisRunner static constructor.
RoslynAnalysisRunner will not be running.
RoslynAnalysisRunner has terminated.
Mono: successfully reloaded assembly
- Completed reload, in  1.243 seconds
Platform modules already initialized, skipping
Refreshing native plugins compatible for Editor in 0.49 ms, found 1 plugins.
Preloading 0 native plugins for Editor in 0.00 ms.
Unloading 1949 Unused Serialized files (Serialized files now loaded: 0)
System memory in use before: 93.4 MB.
System memory in use after: 93.4 MB.

Unloading 12 unused Assets to reduce memory usage. Loaded Objects now: 2419.
Total: 2.587500 ms (FindLiveObjects: 0.213900 ms CreateObjectMapping: 0.098100 ms MarkObjects: 2.167200 ms  DeleteObjects: 0.107300 ms)

========================================================================
Received Prepare
Registering precompiled user dll's ...
Registered in 0.001331 seconds.
Begin MonoManager ReloadAssembly
Native extension for WindowsStandalone target not found
Refreshing native plugins compatible for Editor in 0.57 ms, found 1 plugins.
Preloading 0 native plugins for Editor in 0.00 ms.
Invoked RoslynAnalysisRunner static constructor.
RoslynAnalysisRunner will not be running.
RoslynAnalysisRunner has terminated.
Mono: successfully reloaded assembly
- Completed reload, in  1.244 seconds
Platform modules already initialized, skipping
Refreshing native plugins compatible for Editor in 0.51 ms, found 1 plugins.
Preloading 0 native plugins for Editor in 0.00 ms.
Unloading 1949 Unused Serialized files (Serialized files now loaded: 0)
System memory in use before: 93.6 MB.
System memory in use after: 93.7 MB.

Unloading 12 unused Assets to reduce memory usage. Loaded Objects now: 2422.
Total: 2.532600 ms (FindLiveObjects: 0.216400 ms CreateObjectMapping: 0.092600 ms MarkObjects: 2.113700 ms  DeleteObjects: 0.108600 ms)

========================================================================
Received Import Request.
  Time since last request: 240.950862 seconds.
  path: Assets/bgmtest.mp3
  artifactKey: Guid(24fd7164da4c30742a12a8cdc5ab823b) Importer(815301076,1909f56bfc062723c751e8b465ee728b)
Start importing Assets/bgmtest.mp3 using Guid(24fd7164da4c30742a12a8cdc5ab823b) Importer(815301076,1909f56bfc062723c751e8b465ee728b)  -> (artifact id: '9ab962bc81f0e2bc20130af53e68e298') in 0.106312 seconds
  Import took 0.110466 seconds .

========================================================================
Received Prepare
Registering precompiled user dll's ...
Registered in 0.001370 seconds.
Begin MonoManager ReloadAssembly
Native extension for WindowsStandalone target not found
Refreshing native plugins compatible for Editor in 0.53 ms, found 1 plugins.
Preloading 0 native plugins for Editor in 0.00 ms.
Invoked RoslynAnalysisRunner static constructor.
RoslynAnalysisRunner will not be running.
RoslynAnalysisRunner has terminated.
Mono: successfully reloaded assembly
- Completed reload, in  1.256 seconds
Platform modules already initialized, skipping
Refreshing native plugins compatible for Editor in 0.48 ms, found 1 plugins.
Preloading 0 native plugins for Editor in 0.00 ms.
Unloading 1949 Unused Serialized files (Serialized files now loaded: 0)
System memory in use before: 97.0 MB.
System memory in use after: 97.0 MB.

Unloading 12 unused Assets to reduce memory usage. Loaded Objects now: 2434.
Total: 2.660600 ms (FindLiveObjects: 0.240100 ms CreateObjectMapping: 0.104400 ms MarkObjects: 2.206500 ms  DeleteObjects: 0.108500 ms)

========================================================================
Received Prepare
Registering precompiled user dll's ...
Registered in 0.001339 seconds.
Begin MonoManager ReloadAssembly
Native extension for WindowsStandalone target not found
Refreshing native plugins compatible for Editor in 0.50 ms, found 1 plugins.
Preloading 0 native plugins for Editor in 0.00 ms.
Invoked RoslynAnalysisRunner static constructor.
RoslynAnalysisRunner will not be running.
RoslynAnalysisRunner has terminated.
Mono: successfully reloaded assembly
- Completed reload, in  1.245 seconds
Platform modules already initialized, skipping
Refreshing native plugins compatible for Editor in 0.49 ms, found 1 plugins.
Preloading 0 native plugins for Editor in 0.00 ms.
Unloading 1949 Unused Serialized files (Serialized files now loaded: 0)
System memory in use before: 97.2 MB.
System memory in use after: 97.2 MB.

Unloading 12 unused Assets to reduce memory usage. Loaded Objects now: 2437.
Total: 2.640700 ms (FindLiveObjects: 0.277300 ms CreateObjectMapping: 0.104100 ms MarkObjects: 2.143100 ms  DeleteObjects: 0.115000 ms)

========================================================================
Received Import Request.
  Time since last request: 161.328383 seconds.
  path: Assets/C#/Altar.cs
  artifactKey: Guid(4c70932efcb485946b48d8e2c81012f9) Importer(815301076,1909f56bfc062723c751e8b465ee728b)
Start importing Assets/C#/Altar.cs using Guid(4c70932efcb485946b48d8e2c81012f9) Importer(815301076,1909f56bfc062723c751e8b465ee728b)  -> (artifact id: '6229cac563d67a4d9bda22d2a572086b') in 0.006679 seconds
  Import took 0.010908 seconds .

========================================================================
Received Import Request.
  Time since last request: 0.001291 seconds.
  path: Assets/C#/Altar.cs
  artifactKey: Guid(4c70932efcb485946b48d8e2c81012f9) Importer(815301076,1909f56bfc062723c751e8b465ee728b)
Start importing Assets/C#/Altar.cs using Guid(4c70932efcb485946b48d8e2c81012f9) Importer(815301076,1909f56bfc062723c751e8b465ee728b)  -> (artifact id: '6229cac563d67a4d9bda22d2a572086b') in 0.003429 seconds
  Import took 0.007516 seconds .

========================================================================
Received Import Request.
  Time since last request: 5.436501 seconds.
  path: Assets/C#/Monster.cs
  artifactKey: Guid(219f6e3854d91d743afd98ed0fc72d36) Importer(815301076,1909f56bfc062723c751e8b465ee728b)
Start importing Assets/C#/Monster.cs using Guid(219f6e3854d91d743afd98ed0fc72d36) Importer(815301076,1909f56bfc062723c751e8b465ee728b)  -> (artifact id: '2137cd7c15256b1452a09a83852e5bc3') in 0.107645 seconds
  Import took 0.111704 seconds .

========================================================================
Received Import Request.
  Time since last request: 6.057059 seconds.
  path: Assets/C#/PlayerInteract.cs
  artifactKey: Guid(98d6df4be032b664a8092299f7333ab9) Importer(815301076,1909f56bfc062723c751e8b465ee728b)
Start importing Assets/C#/PlayerInteract.cs using Guid(98d6df4be032b664a8092299f7333ab9) Importer(815301076,1909f56bfc062723c751e8b465ee728b)  -> (artifact id: '61ee26787b6791c1ebe0fd392bcb3cc1') in 0.003627 seconds
  Import took 0.007984 seconds .

========================================================================
Received Import Request.
  Time since last request: 3.275183 seconds.
  path: Assets/C#/PlayerObject.cs
  artifactKey: Guid(570f3b6a724757943b71c27112bbb349) Importer(815301076,1909f56bfc062723c751e8b465ee728b)
Start importing Assets/C#/PlayerObject.cs using Guid(570f3b6a724757943b71c27112bbb349) Importer(815301076,1909f56bfc062723c751e8b465ee728b)  -> (artifact id: '62440f8da982478507300515673daba8') in 0.003626 seconds
  Import took 0.007652 seconds .

========================================================================
Received Import Request.
  Time since last request: 1.728575 seconds.
  path: Assets/C#/Potion.cs
  artifactKey: Guid(9cffe4ef827b7154e9e3434ef2e725a5) Importer(815301076,1909f56bfc062723c751e8b465ee728b)
Start importing Assets/C#/Potion.cs using Guid(9cffe4ef827b7154e9e3434ef2e725a5) Importer(815301076,1909f56bfc062723c751e8b465ee728b)  -> (artifact id: '0d0cd2dd6282241ccf193727d4794f27') in 0.003492 seconds
  Import took 0.007549 seconds .

========================================================================
Received Import Request.
  Time since last request: 2.719726 seconds.
  path: Assets/C#/SealedStone.cs
  artifactKey: Guid(fbba5c7ea12b04547b9cb8be046754d5) Importer(815301076,1909f56bfc062723c751e8b465ee728b)
Start importing Assets/C#/SealedStone.cs using Guid(fbba5c7ea12b04547b9cb8be046754d5) Importer(815301076,1909f56bfc062723c751e8b465ee728b)  -> (artifact id: '619ff4398593e0ceb5b635348f633529') in 0.003409 seconds
  Import took 0.007520 seconds .

========================================================================
Received Import Request.
  Time since last request: 1.940753 seconds.
  path: Assets/C#/UserInterface.cs
  artifactKey: Guid(c2678e53f3b265b46b61c6cf5b9691c9) Importer(815301076,1909f56bfc062723c751e8b465ee728b)
Start importing Assets/C#/UserInterface.cs using Guid(c2678e53f3b265b46b61c6cf5b9691c9) Importer(815301076,1909f56bfc062723c751e8b465ee728b)  -> (artifact id: 'ad82cd7e8690020f32b783fbc0ee91b3') in 0.004086 seconds
  Import took 0.008337 seconds .

========================================================================
Received Prepare
Registering precompiled user dll's ...
Registered in 0.001332 seconds.
Begin MonoManager ReloadAssembly
Native extension for WindowsStandalone target not found
Refreshing native plugins compatible for Editor in 0.49 ms, found 1 plugins.
Preloading 0 native plugins for Editor in 0.00 ms.
Invoked RoslynAnalysisRunner static constructor.
RoslynAnalysisRunner will not be running.
RoslynAnalysisRunner has terminated.
Mono: successfully reloaded assembly
- Completed reload, in  1.234 seconds
Platform modules already initialized, skipping
Refreshing native plugins compatible for Editor in 0.48 ms, found 1 plugins.
Preloading 0 native plugins for Editor in 0.00 ms.
Unloading 1949 Unused Serialized files (Serialized files now loaded: 0)
System memory in use before: 97.4 MB.
System memory in use after: 97.5 MB.

Unloading 12 unused Assets to reduce memory usage. Loaded Objects now: 2440.
Total: 2.634500 ms (FindLiveObjects: 0.221800 ms CreateObjectMapping: 0.099200 ms MarkObjects: 2.198900 ms  DeleteObjects: 0.113500 ms)

AssetImportWorkerClient::OnTransportError - code=2 error=End of file
