Using pre-set license
Built from '2020.2/release' branch; Version is '2020.2.2f1 (068178b99f32) revision 426360'; Using compiler version '192528614'; Build Type 'Release'
OS: 'Windows 10 Home; OS build 19042.985; Version 2009; 64bit' Language: 'ko' Physical Memory: 8147 MB
BatchMode: 1, IsHumanControllingUs: 0, StartBugReporterOnCrash: 0, Is64bit: 1, IsPro: 0

 COMMAND LINE ARGUMENTS:
D:\2020.2.2f1\Editor\Unity.exe
-adb2
-batchMode
-noUpm
-name
AssetImportWorker1
-projectPath
D:/Unity game/TeamProject-SealedMagic/2DSealedmagic
-logFile
Logs/AssetImportWorker1.log
-srvPort
12255
Successfully changed project path to: D:/Unity game/TeamProject-SealedMagic/2DSealedmagic
D:/Unity game/TeamProject-SealedMagic/2DSealedmagic
Using Asset Import Pipeline V2.
Refreshing native plugins compatible for Editor in 49.57 ms, found 1 plugins.
Preloading 0 native plugins for Editor in 0.00 ms.
Initialize engine version: 2020.2.2f1 (068178b99f32)
[Subsystems] Discovering subsystems at path D:/2020.2.2f1/Editor/Data/Resources/UnitySubsystems
[Subsystems] Discovering subsystems at path D:/Unity game/TeamProject-SealedMagic/2DSealedmagic/Assets
GfxDevice: creating device client; threaded=0
Direct3D:
    Version:  Direct3D 11.0 [level 11.1]
    Renderer: NVIDIA GeForce GTX 1050 Ti (ID=0x1c82)
    Vendor:   
    VRAM:     4018 MB
    Driver:   27.21.14.5671
Initialize mono
Mono path[0] = 'D:/2020.2.2f1/Editor/Data/Managed'
Mono path[1] = 'D:/2020.2.2f1/Editor/Data/MonoBleedingEdge/lib/mono/unityjit'
Mono config path = 'D:/2020.2.2f1/Editor/Data/MonoBleedingEdge/etc'
Using monoOptions --debugger-agent=transport=dt_socket,embedding=1,server=y,suspend=n,address=127.0.0.1:56364
Begin MonoManager ReloadAssembly
Registering precompiled unity dll's ...
Register platform support module: D:/2020.2.2f1/Editor/Data/PlaybackEngines/WindowsStandaloneSupport/UnityEditor.WindowsStandalone.Extensions.dll
Registered in 0.001655 seconds.
Native extension for WindowsStandalone target not found
Refreshing native plugins compatible for Editor in 39.95 ms, found 1 plugins.
Preloading 0 native plugins for Editor in 0.00 ms.
Invoked RoslynAnalysisRunner static constructor.
RoslynAnalysisRunner will not be running.
RoslynAnalysisRunner has terminated.
Mono: successfully reloaded assembly
- Completed reload, in  8.732 seconds
Platform modules already initialized, skipping
Registering precompiled user dll's ...
Registered in 0.001263 seconds.
Begin MonoManager ReloadAssembly
Symbol file data-000002A36CC4CEB0 doesn't match image D:\Unity game\TeamProject-SealedMagic\2DSealedmagic\Library\ScriptAssemblies\Unity.2D.Animation.Editor.dll
Symbol file LoadedFromMemory is not a mono symbol file
Symbol file data-000002A36C873290 doesn't match image D:\Unity game\TeamProject-SealedMagic\2DSealedmagic\Library\ScriptAssemblies\Unity.InternalAPIEngineBridge.001.dll
Symbol file LoadedFromMemory is not a mono symbol file
Symbol file data-000002A36C9AE430 doesn't match image D:\Unity game\TeamProject-SealedMagic\2DSealedmagic\Library\ScriptAssemblies\Unity.VSCode.Editor.dll
Symbol file LoadedFromMemory is not a mono symbol file
Symbol file data-000002A36CA63020 doesn't match image D:\Unity game\TeamProject-SealedMagic\2DSealedmagic\Library\ScriptAssemblies\Unity.2D.PixelPerfect.dll
Symbol file LoadedFromMemory is not a mono symbol file
Symbol file data-000002A36D3013A0 doesn't match image D:\Unity game\TeamProject-SealedMagic\2DSealedmagic\Library\ScriptAssemblies\Unity.2D.Tilemap.Editor.dll
Symbol file LoadedFromMemory is not a mono symbol file
Symbol file data-000002A36D3145B0 doesn't match image D:\Unity game\TeamProject-SealedMagic\2DSealedmagic\Library\ScriptAssemblies\PsdPlugin.dll
Symbol file LoadedFromMemory is not a mono symbol file
Symbol file data-000002A372994010 doesn't match image D:\Unity game\TeamProject-SealedMagic\2DSealedmagic\Library\ScriptAssemblies\Unity.TextMeshPro.Editor.dll
Symbol file LoadedFromMemory is not a mono symbol file
Symbol file data-000002A37170E9B0 doesn't match image D:\Unity game\TeamProject-SealedMagic\2DSealedmagic\Library\ScriptAssemblies\Unity.VisualStudio.Editor.dll
Symbol file LoadedFromMemory is not a mono symbol file
Symbol file data-000002A36D3145B0 doesn't match image D:\Unity game\TeamProject-SealedMagic\2DSealedmagic\Library\ScriptAssemblies\UnityEngine.TestRunner.dll
Symbol file LoadedFromMemory is not a mono symbol file
Symbol file data-000002A37154E430 doesn't match image D:\Unity game\TeamProject-SealedMagic\2DSealedmagic\Library\ScriptAssemblies\Unity.Timeline.dll
Symbol file LoadedFromMemory is not a mono symbol file
Symbol file data-000002A371315020 doesn't match image D:\Unity game\TeamProject-SealedMagic\2DSealedmagic\Library\ScriptAssemblies\Unity.TextMeshPro.dll
Symbol file LoadedFromMemory is not a mono symbol file
Symbol file data-000002A371342E30 doesn't match image D:\Unity game\TeamProject-SealedMagic\2DSealedmagic\Library\ScriptAssemblies\UnityEditor.TestRunner.dll
Symbol file LoadedFromMemory is not a mono symbol file
Symbol file data-000002A36CC810C0 doesn't match image D:\Unity game\TeamProject-SealedMagic\2DSealedmagic\Library\ScriptAssemblies\Unity.2D.IK.Editor.dll
Symbol file LoadedFromMemory is not a mono symbol file
Symbol file data-000002A371342E30 doesn't match image D:\Unity game\TeamProject-SealedMagic\2DSealedmagic\Library\ScriptAssemblies\Unity.2D.Sprite.Editor.dll
Symbol file LoadedFromMemory is not a mono symbol file
Symbol file data-000002A37170E9B0 doesn't match image D:\Unity game\TeamProject-SealedMagic\2DSealedmagic\Library\ScriptAssemblies\Unity.2D.Psdimporter.Editor.dll
Symbol file LoadedFromMemory is not a mono symbol file
Symbol file data-000002A36D3145B0 doesn't match image D:\Unity game\TeamProject-SealedMagic\2DSealedmagic\Library\ScriptAssemblies\Unity.2D.Path.Editor.dll
Symbol file LoadedFromMemory is not a mono symbol file
Symbol file data-000002A36C9B0440 doesn't match image D:\Unity game\TeamProject-SealedMagic\2DSealedmagic\Library\ScriptAssemblies\Unity.InternalAPIEditorBridge.001.dll
Symbol file LoadedFromMemory is not a mono symbol file
Symbol file data-000002A3729C6240 doesn't match image D:\Unity game\TeamProject-SealedMagic\2DSealedmagic\Library\ScriptAssemblies\UnityEditor.UI.dll
Symbol file LoadedFromMemory is not a mono symbol file
Symbol file data-000002A3729C6240 doesn't match image D:\Unity game\TeamProject-SealedMagic\2DSealedmagic\Library\ScriptAssemblies\Unity.Rider.Editor.dll
Symbol file LoadedFromMemory is not a mono symbol file
Symbol file data-000002A371444C30 doesn't match image D:\Unity game\TeamProject-SealedMagic\2DSealedmagic\Library\ScriptAssemblies\UnityEngine.UI.dll
Symbol file LoadedFromMemory is not a mono symbol file
Symbol file data-000002A36CD124C0 doesn't match image D:\Unity game\TeamProject-SealedMagic\2DSealedmagic\Library\ScriptAssemblies\Unity.Mathematics.dll
Symbol file LoadedFromMemory is not a mono symbol file
Symbol file data-000002A371354240 doesn't match image D:\Unity game\TeamProject-SealedMagic\2DSealedmagic\Library\ScriptAssemblies\Unity.2D.IK.Runtime.dll
Symbol file LoadedFromMemory is not a mono symbol file
Symbol file data-000002A371444C30 doesn't match image D:\Unity game\TeamProject-SealedMagic\2DSealedmagic\Library\ScriptAssemblies\Cinemachine.dll
Symbol file LoadedFromMemory is not a mono symbol file
Symbol file data-000002A371727020 doesn't match image D:\Unity game\TeamProject-SealedMagic\2DSealedmagic\Library\ScriptAssemblies\com.unity.cinemachine.editor.dll
Symbol file LoadedFromMemory is not a mono symbol file
Symbol file data-000002A3718F4020 doesn't match image D:\Unity game\TeamProject-SealedMagic\2DSealedmagic\Library\ScriptAssemblies\Unity.2D.Animation.Triangle.Runtime.dll
Symbol file LoadedFromMemory is not a mono symbol file
Symbol file data-000002A36D31CFC0 doesn't match image D:\Unity game\TeamProject-SealedMagic\2DSealedmagic\Library\ScriptAssemblies\Unity.2D.Animation.Runtime.dll
Symbol file LoadedFromMemory is not a mono symbol file
Symbol file data-000002A372666000 doesn't match image D:\Unity game\TeamProject-SealedMagic\2DSealedmagic\Library\ScriptAssemblies\Unity.2D.PixelPerfect.Editor.dll
Symbol file LoadedFromMemory is not a mono symbol file
Symbol file data-000002A3718F4020 doesn't match image D:\Unity game\TeamProject-SealedMagic\2DSealedmagic\Library\ScriptAssemblies\Unity.Timeline.Editor.dll
Symbol file LoadedFromMemory is not a mono symbol file
Symbol file data-000002A371883830 doesn't match image D:\Unity game\TeamProject-SealedMagic\2DSealedmagic\Library\ScriptAssemblies\Unity.CollabProxy.Editor.dll
Symbol file LoadedFromMemory is not a mono symbol file
Symbol file data-000002A3713CC160 doesn't match image D:\Unity game\TeamProject-SealedMagic\2DSealedmagic\Library\ScriptAssemblies\Unity.Mathematics.Editor.dll
Symbol file LoadedFromMemory is not a mono symbol file
Symbol file data-000002A36C890150 doesn't match image D:\Unity game\TeamProject-SealedMagic\2DSealedmagic\Library\ScriptAssemblies\Unity.2D.Common.Runtime.dll
Symbol file LoadedFromMemory is not a mono symbol file
Symbol file data-000002A36C80C030 doesn't match image D:\Unity game\TeamProject-SealedMagic\2DSealedmagic\Library\ScriptAssemblies\Unity.2D.SpriteShape.Editor.dll
Symbol file LoadedFromMemory is not a mono symbol file
Symbol file data-000002A37188B240 doesn't match image D:\Unity game\TeamProject-SealedMagic\2DSealedmagic\Library\ScriptAssemblies\Unity.2D.Common.Editor.dll
Symbol file LoadedFromMemory is not a mono symbol file
Symbol file data-000002A371562E40 doesn't match image D:\Unity game\TeamProject-SealedMagic\2DSealedmagic\Library\ScriptAssemblies\Unity.2D.SpriteShape.Runtime.dll
Symbol file LoadedFromMemory is not a mono symbol file
Native extension for WindowsStandalone target not found
Refreshing native plugins compatible for Editor in 40.79 ms, found 1 plugins.
Preloading 0 native plugins for Editor in 0.00 ms.
Invoked RoslynAnalysisRunner static constructor.
RoslynAnalysisRunner will not be running.
RoslynAnalysisRunner has terminated.
Mono: successfully reloaded assembly
- Completed reload, in  1.140 seconds
Platform modules already initialized, skipping
========================================================================
Worker process is ready to serve import requests
Launched and connected shader compiler UnityShaderCompiler.exe after 0.21 seconds
Refreshing native plugins compatible for Editor in 0.37 ms, found 1 plugins.
Preloading 0 native plugins for Editor in 0.00 ms.
Unloading 1973 Unused Serialized files (Serialized files now loaded: 0)
System memory in use before: 94.8 MB.
System memory in use after: 94.9 MB.

Unloading 20 unused Assets to reduce memory usage. Loaded Objects now: 2423.
Total: 2.546900 ms (FindLiveObjects: 0.471000 ms CreateObjectMapping: 0.144000 ms MarkObjects: 1.824600 ms  DeleteObjects: 0.105500 ms)

========================================================================
Received Prepare
Registering precompiled user dll's ...
Registered in 0.001240 seconds.
Begin MonoManager ReloadAssembly
Symbol file data-000002A36CC8ECA0 doesn't match image D:\Unity game\TeamProject-SealedMagic\2DSealedmagic\Library\ScriptAssemblies\Unity.2D.Animation.Editor.dll
Symbol file LoadedFromMemory is not a mono symbol file
Symbol file data-000002A373B569C0 doesn't match image D:\Unity game\TeamProject-SealedMagic\2DSealedmagic\Library\ScriptAssemblies\Unity.InternalAPIEngineBridge.001.dll
Symbol file LoadedFromMemory is not a mono symbol file
Symbol file data-000002A3727517D0 doesn't match image D:\Unity game\TeamProject-SealedMagic\2DSealedmagic\Library\ScriptAssemblies\Unity.VSCode.Editor.dll
Symbol file LoadedFromMemory is not a mono symbol file
Symbol file data-000002A36C9E4610 doesn't match image D:\Unity game\TeamProject-SealedMagic\2DSealedmagic\Library\ScriptAssemblies\Unity.2D.PixelPerfect.dll
Symbol file LoadedFromMemory is not a mono symbol file
Symbol file data-000002A36D35E700 doesn't match image D:\Unity game\TeamProject-SealedMagic\2DSealedmagic\Library\ScriptAssemblies\Unity.2D.Tilemap.Editor.dll
Symbol file LoadedFromMemory is not a mono symbol file
Symbol file data-000002A36C8820A0 doesn't match image D:\Unity game\TeamProject-SealedMagic\2DSealedmagic\Library\ScriptAssemblies\PsdPlugin.dll
Symbol file LoadedFromMemory is not a mono symbol file
Symbol file data-000002A36C862010 doesn't match image D:\Unity game\TeamProject-SealedMagic\2DSealedmagic\Library\ScriptAssemblies\Unity.TextMeshPro.Editor.dll
Symbol file LoadedFromMemory is not a mono symbol file
Symbol file data-000002A36D31C0B0 doesn't match image D:\Unity game\TeamProject-SealedMagic\2DSealedmagic\Library\ScriptAssemblies\Unity.VisualStudio.Editor.dll
Symbol file LoadedFromMemory is not a mono symbol file
Symbol file data-000002A36C8820A0 doesn't match image D:\Unity game\TeamProject-SealedMagic\2DSealedmagic\Library\ScriptAssemblies\UnityEngine.TestRunner.dll
Symbol file LoadedFromMemory is not a mono symbol file
Symbol file data-000002A36D35E700 doesn't match image D:\Unity game\TeamProject-SealedMagic\2DSealedmagic\Library\ScriptAssemblies\Unity.Timeline.dll
Symbol file LoadedFromMemory is not a mono symbol file
Symbol file data-000002A36D332010 doesn't match image D:\Unity game\TeamProject-SealedMagic\2DSealedmagic\Library\ScriptAssemblies\Unity.TextMeshPro.dll
Symbol file LoadedFromMemory is not a mono symbol file
Symbol file data-000002A36D2E3010 doesn't match image D:\Unity game\TeamProject-SealedMagic\2DSealedmagic\Library\ScriptAssemblies\UnityEditor.TestRunner.dll
Symbol file LoadedFromMemory is not a mono symbol file
Symbol file data-000002A36CF205D0 doesn't match image D:\Unity game\TeamProject-SealedMagic\2DSealedmagic\Library\ScriptAssemblies\Unity.2D.IK.Editor.dll
Symbol file LoadedFromMemory is not a mono symbol file
Symbol file data-000002A3720CC010 doesn't match image D:\Unity game\TeamProject-SealedMagic\2DSealedmagic\Library\ScriptAssemblies\Unity.2D.Sprite.Editor.dll
Symbol file LoadedFromMemory is not a mono symbol file
Symbol file data-000002A372A78040 doesn't match image D:\Unity game\TeamProject-SealedMagic\2DSealedmagic\Library\ScriptAssemblies\Unity.2D.Psdimporter.Editor.dll
Symbol file LoadedFromMemory is not a mono symbol file
Symbol file data-000002A372A78040 doesn't match image D:\Unity game\TeamProject-SealedMagic\2DSealedmagic\Library\ScriptAssemblies\Unity.2D.Path.Editor.dll
Symbol file LoadedFromMemory is not a mono symbol file
Symbol file data-000002A373AD9430 doesn't match image D:\Unity game\TeamProject-SealedMagic\2DSealedmagic\Library\ScriptAssemblies\Unity.InternalAPIEditorBridge.001.dll
Symbol file LoadedFromMemory is not a mono symbol file
Symbol file data-000002A36CCF2CA0 doesn't match image D:\Unity game\TeamProject-SealedMagic\2DSealedmagic\Library\ScriptAssemblies\UnityEditor.UI.dll
Symbol file LoadedFromMemory is not a mono symbol file
Symbol file data-000002A36D359020 doesn't match image D:\Unity game\TeamProject-SealedMagic\2DSealedmagic\Library\ScriptAssemblies\Unity.Rider.Editor.dll
Symbol file LoadedFromMemory is not a mono symbol file
Symbol file data-000002A373E6C020 doesn't match image D:\Unity game\TeamProject-SealedMagic\2DSealedmagic\Library\ScriptAssemblies\UnityEngine.UI.dll
Symbol file LoadedFromMemory is not a mono symbol file
Symbol file data-000002A371ADC020 doesn't match image D:\Unity game\TeamProject-SealedMagic\2DSealedmagic\Library\ScriptAssemblies\Unity.Mathematics.dll
Symbol file LoadedFromMemory is not a mono symbol file
Symbol file data-000002A36CF205D0 doesn't match image D:\Unity game\TeamProject-SealedMagic\2DSealedmagic\Library\ScriptAssemblies\Unity.2D.IK.Runtime.dll
Symbol file LoadedFromMemory is not a mono symbol file
Symbol file data-000002A373E6C020 doesn't match image D:\Unity game\TeamProject-SealedMagic\2DSealedmagic\Library\ScriptAssemblies\Cinemachine.dll
Symbol file LoadedFromMemory is not a mono symbol file
Symbol file data-000002A371D45E20 doesn't match image D:\Unity game\TeamProject-SealedMagic\2DSealedmagic\Library\ScriptAssemblies\com.unity.cinemachine.editor.dll
Symbol file LoadedFromMemory is not a mono symbol file
Symbol file data-000002A373E6C020 doesn't match image D:\Unity game\TeamProject-SealedMagic\2DSealedmagic\Library\ScriptAssemblies\Unity.2D.Animation.Triangle.Runtime.dll
Symbol file LoadedFromMemory is not a mono symbol file
Symbol file data-000002A372A80A50 doesn't match image D:\Unity game\TeamProject-SealedMagic\2DSealedmagic\Library\ScriptAssemblies\Unity.2D.Animation.Runtime.dll
Symbol file LoadedFromMemory is not a mono symbol file
Symbol file data-000002A37290D710 doesn't match image D:\Unity game\TeamProject-SealedMagic\2DSealedmagic\Library\ScriptAssemblies\Unity.2D.PixelPerfect.Editor.dll
Symbol file LoadedFromMemory is not a mono symbol file
Symbol file data-000002A371433020 doesn't match image D:\Unity game\TeamProject-SealedMagic\2DSealedmagic\Library\ScriptAssemblies\Unity.Timeline.Editor.dll
Symbol file LoadedFromMemory is not a mono symbol file
Symbol file data-000002A36D35E700 doesn't match image D:\Unity game\TeamProject-SealedMagic\2DSealedmagic\Library\ScriptAssemblies\Unity.CollabProxy.Editor.dll
Symbol file LoadedFromMemory is not a mono symbol file
Symbol file data-000002A36C9E4610 doesn't match image D:\Unity game\TeamProject-SealedMagic\2DSealedmagic\Library\ScriptAssemblies\Unity.Mathematics.Editor.dll
Symbol file LoadedFromMemory is not a mono symbol file
Symbol file data-000002A36C88FF80 doesn't match image D:\Unity game\TeamProject-SealedMagic\2DSealedmagic\Library\ScriptAssemblies\Unity.2D.Common.Runtime.dll
Symbol file LoadedFromMemory is not a mono symbol file
Symbol file data-000002A36D35E700 doesn't match image D:\Unity game\TeamProject-SealedMagic\2DSealedmagic\Library\ScriptAssemblies\Unity.2D.SpriteShape.Editor.dll
Symbol file LoadedFromMemory is not a mono symbol file
Symbol file data-000002A36CF205D0 doesn't match image D:\Unity game\TeamProject-SealedMagic\2DSealedmagic\Library\ScriptAssemblies\Unity.2D.Common.Editor.dll
Symbol file LoadedFromMemory is not a mono symbol file
Symbol file data-000002A371D45E20 doesn't match image D:\Unity game\TeamProject-SealedMagic\2DSealedmagic\Library\ScriptAssemblies\Unity.2D.SpriteShape.Runtime.dll
Symbol file LoadedFromMemory is not a mono symbol file
Native extension for WindowsStandalone target not found
Refreshing native plugins compatible for Editor in 0.62 ms, found 1 plugins.
Preloading 0 native plugins for Editor in 0.00 ms.
Invoked RoslynAnalysisRunner static constructor.
RoslynAnalysisRunner will not be running.
RoslynAnalysisRunner has terminated.
Mono: successfully reloaded assembly
- Completed reload, in  1.101 seconds
Platform modules already initialized, skipping
Refreshing native plugins compatible for Editor in 0.67 ms, found 1 plugins.
Preloading 0 native plugins for Editor in 0.00 ms.
Unloading 1948 Unused Serialized files (Serialized files now loaded: 0)
System memory in use before: 93.5 MB.
System memory in use after: 93.6 MB.

Unloading 8 unused Assets to reduce memory usage. Loaded Objects now: 2426.
Total: 3.966200 ms (FindLiveObjects: 0.265100 ms CreateObjectMapping: 0.097200 ms MarkObjects: 3.568300 ms  DeleteObjects: 0.034100 ms)

========================================================================
Received Prepare
Registering precompiled user dll's ...
Registered in 0.001141 seconds.
Begin MonoManager ReloadAssembly
Symbol file data-000002A36CDCCFF0 doesn't match image D:\Unity game\TeamProject-SealedMagic\2DSealedmagic\Library\ScriptAssemblies\Unity.2D.Animation.Editor.dll
Symbol file LoadedFromMemory is not a mono symbol file
Symbol file data-000002A373B57F80 doesn't match image D:\Unity game\TeamProject-SealedMagic\2DSealedmagic\Library\ScriptAssemblies\Unity.InternalAPIEngineBridge.001.dll
Symbol file LoadedFromMemory is not a mono symbol file
Symbol file data-000002A3727517D0 doesn't match image D:\Unity game\TeamProject-SealedMagic\2DSealedmagic\Library\ScriptAssemblies\Unity.VSCode.Editor.dll
Symbol file LoadedFromMemory is not a mono symbol file
Symbol file data-000002A394B0A320 doesn't match image D:\Unity game\TeamProject-SealedMagic\2DSealedmagic\Library\ScriptAssemblies\Unity.2D.PixelPerfect.dll
Symbol file LoadedFromMemory is not a mono symbol file
Symbol file data-000002A3726BA020 doesn't match image D:\Unity game\TeamProject-SealedMagic\2DSealedmagic\Library\ScriptAssemblies\Unity.2D.Tilemap.Editor.dll
Symbol file LoadedFromMemory is not a mono symbol file
Symbol file data-000002A372A78040 doesn't match image D:\Unity game\TeamProject-SealedMagic\2DSealedmagic\Library\ScriptAssemblies\PsdPlugin.dll
Symbol file LoadedFromMemory is not a mono symbol file
Symbol file data-000002A3726BA020 doesn't match image D:\Unity game\TeamProject-SealedMagic\2DSealedmagic\Library\ScriptAssemblies\Unity.TextMeshPro.Editor.dll
Symbol file LoadedFromMemory is not a mono symbol file
Symbol file data-000002A373C69020 doesn't match image D:\Unity game\TeamProject-SealedMagic\2DSealedmagic\Library\ScriptAssemblies\Unity.VisualStudio.Editor.dll
Symbol file LoadedFromMemory is not a mono symbol file
Symbol file data-000002A373800430 doesn't match image D:\Unity game\TeamProject-SealedMagic\2DSealedmagic\Library\ScriptAssemblies\UnityEngine.TestRunner.dll
Symbol file LoadedFromMemory is not a mono symbol file
Symbol file data-000002A3726BA020 doesn't match image D:\Unity game\TeamProject-SealedMagic\2DSealedmagic\Library\ScriptAssemblies\Unity.Timeline.dll
Symbol file LoadedFromMemory is not a mono symbol file
Symbol file data-000002A394CC1040 doesn't match image D:\Unity game\TeamProject-SealedMagic\2DSealedmagic\Library\ScriptAssemblies\Unity.TextMeshPro.dll
Symbol file LoadedFromMemory is not a mono symbol file
Symbol file data-000002A36D2E3010 doesn't match image D:\Unity game\TeamProject-SealedMagic\2DSealedmagic\Library\ScriptAssemblies\UnityEditor.TestRunner.dll
Symbol file LoadedFromMemory is not a mono symbol file
Symbol file data-000002A3727517D0 doesn't match image D:\Unity game\TeamProject-SealedMagic\2DSealedmagic\Library\ScriptAssemblies\Unity.2D.IK.Editor.dll
Symbol file LoadedFromMemory is not a mono symbol file
Symbol file data-000002A3726BA020 doesn't match image D:\Unity game\TeamProject-SealedMagic\2DSealedmagic\Library\ScriptAssemblies\Unity.2D.Sprite.Editor.dll
Symbol file LoadedFromMemory is not a mono symbol file
Symbol file data-000002A3738A0060 doesn't match image D:\Unity game\TeamProject-SealedMagic\2DSealedmagic\Library\ScriptAssemblies\Unity.2D.Psdimporter.Editor.dll
Symbol file LoadedFromMemory is not a mono symbol file
Symbol file data-000002A373C2D030 doesn't match image D:\Unity game\TeamProject-SealedMagic\2DSealedmagic\Library\ScriptAssemblies\Unity.2D.Path.Editor.dll
Symbol file LoadedFromMemory is not a mono symbol file
Symbol file data-000002A394B0A320 doesn't match image D:\Unity game\TeamProject-SealedMagic\2DSealedmagic\Library\ScriptAssemblies\Unity.InternalAPIEditorBridge.001.dll
Symbol file LoadedFromMemory is not a mono symbol file
Symbol file data-000002A3738A0060 doesn't match image D:\Unity game\TeamProject-SealedMagic\2DSealedmagic\Library\ScriptAssemblies\UnityEditor.UI.dll
Symbol file LoadedFromMemory is not a mono symbol file
Symbol file data-000002A373C69020 doesn't match image D:\Unity game\TeamProject-SealedMagic\2DSealedmagic\Library\ScriptAssemblies\Unity.Rider.Editor.dll
Symbol file LoadedFromMemory is not a mono symbol file
Symbol file data-000002A373264020 doesn't match image D:\Unity game\TeamProject-SealedMagic\2DSealedmagic\Library\ScriptAssemblies\UnityEngine.UI.dll
Symbol file LoadedFromMemory is not a mono symbol file
Symbol file data-000002A371ADC020 doesn't match image D:\Unity game\TeamProject-SealedMagic\2DSealedmagic\Library\ScriptAssemblies\Unity.Mathematics.dll
Symbol file LoadedFromMemory is not a mono symbol file
Symbol file data-000002A3727517D0 doesn't match image D:\Unity game\TeamProject-SealedMagic\2DSealedmagic\Library\ScriptAssemblies\Unity.2D.IK.Runtime.dll
Symbol file LoadedFromMemory is not a mono symbol file
Symbol file data-000002A373264020 doesn't match image D:\Unity game\TeamProject-SealedMagic\2DSealedmagic\Library\ScriptAssemblies\Cinemachine.dll
Symbol file LoadedFromMemory is not a mono symbol file
Symbol file data-000002A3726BA020 doesn't match image D:\Unity game\TeamProject-SealedMagic\2DSealedmagic\Library\ScriptAssemblies\com.unity.cinemachine.editor.dll
Symbol file LoadedFromMemory is not a mono symbol file
Symbol file data-000002A373264020 doesn't match image D:\Unity game\TeamProject-SealedMagic\2DSealedmagic\Library\ScriptAssemblies\Unity.2D.Animation.Triangle.Runtime.dll
Symbol file LoadedFromMemory is not a mono symbol file
Symbol file data-000002A394D9CB40 doesn't match image D:\Unity game\TeamProject-SealedMagic\2DSealedmagic\Library\ScriptAssemblies\Unity.2D.Animation.Runtime.dll
Symbol file LoadedFromMemory is not a mono symbol file
Symbol file data-000002A371EC66F0 doesn't match image D:\Unity game\TeamProject-SealedMagic\2DSealedmagic\Library\ScriptAssemblies\Unity.2D.PixelPerfect.Editor.dll
Symbol file LoadedFromMemory is not a mono symbol file
Symbol file data-000002A3718F4020 doesn't match image D:\Unity game\TeamProject-SealedMagic\2DSealedmagic\Library\ScriptAssemblies\Unity.Timeline.Editor.dll
Symbol file LoadedFromMemory is not a mono symbol file
Symbol file data-000002A3720CC010 doesn't match image D:\Unity game\TeamProject-SealedMagic\2DSealedmagic\Library\ScriptAssemblies\Unity.CollabProxy.Editor.dll
Symbol file LoadedFromMemory is not a mono symbol file
Symbol file data-000002A36CA07110 doesn't match image D:\Unity game\TeamProject-SealedMagic\2DSealedmagic\Library\ScriptAssemblies\Unity.Mathematics.Editor.dll
Symbol file LoadedFromMemory is not a mono symbol file
Symbol file data-000002A36C890A60 doesn't match image D:\Unity game\TeamProject-SealedMagic\2DSealedmagic\Library\ScriptAssemblies\Unity.2D.Common.Runtime.dll
Symbol file LoadedFromMemory is not a mono symbol file
Symbol file data-000002A3738A0060 doesn't match image D:\Unity game\TeamProject-SealedMagic\2DSealedmagic\Library\ScriptAssemblies\Unity.2D.SpriteShape.Editor.dll
Symbol file LoadedFromMemory is not a mono symbol file
Symbol file data-000002A3727517D0 doesn't match image D:\Unity game\TeamProject-SealedMagic\2DSealedmagic\Library\ScriptAssemblies\Unity.2D.Common.Editor.dll
Symbol file LoadedFromMemory is not a mono symbol file
Symbol file data-000002A372FB6020 doesn't match image D:\Unity game\TeamProject-SealedMagic\2DSealedmagic\Library\ScriptAssemblies\Unity.2D.SpriteShape.Runtime.dll
Symbol file LoadedFromMemory is not a mono symbol file
Native extension for WindowsStandalone target not found
Refreshing native plugins compatible for Editor in 0.37 ms, found 1 plugins.
Preloading 0 native plugins for Editor in 0.00 ms.
Invoked RoslynAnalysisRunner static constructor.
RoslynAnalysisRunner will not be running.
RoslynAnalysisRunner has terminated.
Mono: successfully reloaded assembly
- Completed reload, in  1.024 seconds
Platform modules already initialized, skipping
Refreshing native plugins compatible for Editor in 0.39 ms, found 1 plugins.
Preloading 0 native plugins for Editor in 0.00 ms.
Unloading 1948 Unused Serialized files (Serialized files now loaded: 0)
System memory in use before: 93.8 MB.
System memory in use after: 93.9 MB.

Unloading 8 unused Assets to reduce memory usage. Loaded Objects now: 2429.
Total: 3.053800 ms (FindLiveObjects: 0.730200 ms CreateObjectMapping: 0.188900 ms MarkObjects: 2.113200 ms  DeleteObjects: 0.019500 ms)

AssetImportWorkerClient::OnTransportError - code=2 error=End of file
